2015-09-28 11:28:21 [scrapy] INFO: Scrapy 1.0.3 started (bot: jobs)
2015-09-28 11:28:21 [scrapy] INFO: Optional features available: ssl, http11, boto
2015-09-28 11:28:21 [scrapy] INFO: Overridden settings: {'NEWSPIDER_MODULE': 'jobs.spiders', 'FEED_URI': 'jobs.json', 'SPIDER_MODULES': ['jobs.spiders'], 'CONCURRENT_REQUESTS_PER_IP': 16, 'BOT_NAME': 'jobs', 'FEED_FORMAT': 'json', 'LOG_FILE': 'jobs.log', 'DOWNLOAD_DELAY': 3}
2015-09-28 11:28:21 [py.warnings] WARNING: :0: UserWarning: You do not have a working installation of the service_identity module: 'No module named service_identity'.  Please install it from <https://pypi.python.org/pypi/service_identity> and make sure all of its dependencies are satisfied.  Without the service_identity module and a recent enough pyOpenSSL to support it, Twisted can perform only rudimentary TLS client hostname verification.  Many valid certificate/hostname mappings may be rejected.

2015-09-28 11:28:21 [scrapy] INFO: Enabled extensions: CloseSpider, FeedExporter, TelnetConsole, LogStats, CoreStats, SpiderState
2015-09-28 11:28:21 [boto] DEBUG: Retrieving credentials from metadata server.
2015-09-28 11:28:22 [boto] ERROR: Caught exception reading instance data
Traceback (most recent call last):
  File "/home/pmavrodiev/anaconda/lib/python2.7/site-packages/boto/utils.py", line 210, in retry_url
    r = opener.open(req, timeout=timeout)
  File "/home/pmavrodiev/anaconda/lib/python2.7/urllib2.py", line 431, in open
    response = self._open(req, data)
  File "/home/pmavrodiev/anaconda/lib/python2.7/urllib2.py", line 449, in _open
    '_open', req)
  File "/home/pmavrodiev/anaconda/lib/python2.7/urllib2.py", line 409, in _call_chain
    result = func(*args)
  File "/home/pmavrodiev/anaconda/lib/python2.7/urllib2.py", line 1227, in http_open
    return self.do_open(httplib.HTTPConnection, req)
  File "/home/pmavrodiev/anaconda/lib/python2.7/urllib2.py", line 1197, in do_open
    raise URLError(err)
URLError: <urlopen error timed out>
2015-09-28 11:28:22 [boto] ERROR: Unable to read instance data, giving up
2015-09-28 11:28:22 [py.warnings] WARNING: /home/pmavrodiev/anaconda/lib/python2.7/site-packages/scrapy/utils/deprecate.py:155: ScrapyDeprecationWarning: `scrapy.contrib.downloadermiddleware.useragent.UserAgentMiddleware` class is deprecated, use `scrapy.downloadermiddlewares.useragent.UserAgentMiddleware` instead
  ScrapyDeprecationWarning)

2015-09-28 11:28:22 [py.warnings] WARNING: /home/pmavrodiev/Projects/jobs/jobs/comm/rotate_useragent.py:6: ScrapyDeprecationWarning: Module `scrapy.log` has been deprecated, Scrapy now relies on the builtin Python library for logging. Read the updated logging entry in the documentation to learn more.
  from scrapy import log

2015-09-28 11:28:22 [scrapy] INFO: Enabled downloader middlewares: HttpAuthMiddleware, DownloadTimeoutMiddleware, RotateUserAgentMiddleware, RetryMiddleware, DefaultHeadersMiddleware, MetaRefreshMiddleware, HttpCompressionMiddleware, RedirectMiddleware, CookiesMiddleware, ChunkedTransferMiddleware, DownloaderStats
2015-09-28 11:28:22 [scrapy] INFO: Enabled spider middlewares: HttpErrorMiddleware, OffsiteMiddleware, RefererMiddleware, UrlLengthMiddleware, DepthMiddleware
2015-09-28 11:28:22 [scrapy] INFO: Enabled item pipelines: 
2015-09-28 11:28:22 [scrapy] INFO: Spider opened
2015-09-28 11:28:22 [scrapy] INFO: Crawled 0 pages (at 0 pages/min), scraped 0 items (at 0 items/min)
2015-09-28 11:28:22 [scrapy] DEBUG: Telnet console listening on 127.0.0.1:6024
2015-09-28 11:28:22 [jobsSpider] INFO: User-Agent: Mozilla/5.0 (Windows NT 6.1; WOW64) AppleWebKit/536.6 (KHTML, like Gecko) Chrome/20.0.1092.0 Safari/536.6 <GET http://www.jobs.bg/front_job_search.php?first_search=1&all_cities=0&all_categories=0&all_type=0&all_position_level=1&all_company_type=1&keyword=>
2015-09-28 11:28:22 [scrapy] DEBUG: Crawled (200) <GET http://www.jobs.bg/front_job_search.php?first_search=1&all_cities=0&all_categories=0&all_type=0&all_position_level=1&all_company_type=1&keyword=> (referer: None)
2015-09-28 11:28:23 [jobsSpider] INFO: User-Agent: Mozilla/5.0 (Windows NT 6.1; WOW64) AppleWebKit/537.1 (KHTML, like Gecko) Chrome/22.0.1207.1 Safari/537.1Mozilla/5.0 (X11; CrOS i686 2268.111.0) AppleWebKit/536.11 (KHTML, like Gecko) Chrome/20.0.1132.57 Safari/536.11 <GET http://www.jobs.bg/f2934426>
2015-09-28 11:28:23 [jobsSpider] INFO: User-Agent: Mozilla/5.0 (Windows NT 6.2) AppleWebKit/536.3 (KHTML, like Gecko) Chrome/19.0.1061.0 Safari/536.3 <GET http://www.jobs.bg/f2934439>
2015-09-28 11:28:23 [jobsSpider] INFO: User-Agent: Mozilla/5.0 (X11; Linux x86_64) AppleWebKit/536.5 (KHTML, like Gecko) Chrome/19.0.1084.9 Safari/536.5 <GET http://www.jobs.bg/f2934443>
2015-09-28 11:28:23 [jobsSpider] INFO: User-Agent: Mozilla/5.0 (Windows NT 6.1; WOW64) AppleWebKit/536.6 (KHTML, like Gecko) Chrome/20.0.1092.0 Safari/536.6 <GET http://www.jobs.bg/f2934303>
2015-09-28 11:28:23 [jobsSpider] INFO: User-Agent: Mozilla/5.0 (Windows NT 6.2) AppleWebKit/536.3 (KHTML, like Gecko) Chrome/19.0.1061.0 Safari/536.3 <GET http://www.jobs.bg/f2934492>
2015-09-28 11:28:23 [jobsSpider] INFO: User-Agent: Mozilla/5.0 (Windows NT 6.2) AppleWebKit/536.3 (KHTML, like Gecko) Chrome/19.0.1061.1 Safari/536.3 <GET http://www.jobs.bg/f2934508>
2015-09-28 11:28:23 [jobsSpider] INFO: User-Agent: Mozilla/5.0 (Windows NT 6.1; WOW64) AppleWebKit/536.6 (KHTML, like Gecko) Chrome/20.0.1092.0 Safari/536.6 <GET http://www.jobs.bg/f2905039>
2015-09-28 11:28:23 [jobsSpider] INFO: User-Agent: Mozilla/5.0 (Windows NT 6.1) AppleWebKit/536.3 (KHTML, like Gecko) Chrome/19.0.1061.1 Safari/536.3 <GET http://www.jobs.bg/f2934606>
2015-09-28 11:28:23 [jobsSpider] INFO: User-Agent: Mozilla/5.0 (Windows NT 6.2) AppleWebKit/536.3 (KHTML, like Gecko) Chrome/19.0.1061.1 Safari/536.3 <GET http://www.jobs.bg/f2934628>
2015-09-28 11:28:23 [jobsSpider] INFO: User-Agent: Mozilla/5.0 (Windows NT 5.1) AppleWebKit/536.3 (KHTML, like Gecko) Chrome/19.0.1063.0 Safari/536.3 <GET http://www.jobs.bg/f2934646>
2015-09-28 11:28:23 [jobsSpider] INFO: User-Agent: Mozilla/5.0 (Windows NT 6.2) AppleWebKit/536.6 (KHTML, like Gecko) Chrome/20.0.1090.0 Safari/536.6 <GET http://www.jobs.bg/f2934661>
2015-09-28 11:28:23 [jobsSpider] INFO: User-Agent: Mozilla/5.0 (Windows NT 6.2) AppleWebKit/536.6 (KHTML, like Gecko) Chrome/20.0.1090.0 Safari/536.6 <GET http://www.jobs.bg/f2907829>
2015-09-28 11:28:23 [jobsSpider] INFO: User-Agent: Mozilla/5.0 (Windows NT 6.2; WOW64) AppleWebKit/535.24 (KHTML, like Gecko) Chrome/19.0.1055.1 Safari/535.24 <GET http://www.jobs.bg/f2934720>
2015-09-28 11:28:23 [jobsSpider] INFO: User-Agent: Mozilla/5.0 (Windows NT 6.1; WOW64) AppleWebKit/536.6 (KHTML, like Gecko) Chrome/20.0.1092.0 Safari/536.6 <GET http://www.jobs.bg/f2909939>
2015-09-28 11:28:23 [jobsSpider] INFO: User-Agent: Mozilla/5.0 (X11; Linux x86_64) AppleWebKit/536.5 (KHTML, like Gecko) Chrome/19.0.1084.9 Safari/536.5 <GET http://www.jobs.bg/f2909946>
2015-09-28 11:28:23 [scrapy] DEBUG: Crawled (200) <GET http://www.jobs.bg/f2934426> (referer: http://www.jobs.bg/front_job_search.php?first_search=1&all_cities=0&all_categories=0&all_type=0&all_position_level=1&all_company_type=1&keyword=)
2015-09-28 11:28:23 [scrapy] DEBUG: Scraped from <200 http://www.jobs.bg/f2934426>
{'advertiser': '\xd0\xa2\xd0\x9f C\xd0\xa3KCEBO',
 'category': '\n\xd0\x9a\xd0\xb0\xd1\x82\xd0\xb5\xd0\xb3\xd0\xbe\xd1\x80\xd0\xb8\xd1\x8f:\n\n\n\xd0\x98\xd0\xa2 - \xd0\xa0\xd0\xb0\xd0\xb7\xd1\x80\xd0\xb0\xd0\xb1\xd0\xbe\xd1\x82\xd0\xba\xd0\xb0/\xd0\xbf\xd0\xbe\xd0\xb4\xd0\xb4\xd1\x80\xd1\x8a\xd0\xb6\xd0\xba\xd0\xb0 \xd0\xbd\xd0\xb0 \xd1\x81\xd0\xbe\xd1\x84\xd1\x82\xd1\x83\xd0\xb5\xd1\x80\n\n\n',
 'date': u'\u0414\u0430\u0442\u0430:28.09.2015',
 'description_requirements': 'succevo is an international software company providing IT solutions for the event industry. meetingbox\xc2\xae\xc2\xa0is the all-in-one workflow management platform, enabling companies to plan, execute, monitor, control and optimize their event management for optimal business performance.\xc2\xa0\r\nmeeting app\xc2\xae\xc2\xa0is the central communication platform, allowing companies to easily create custom event registrations, websites and event apps out of one tool. All of our solutions are designed to ensure our customers exceed their event performance objectives. Due to our strong growth, we are looking for a competent team player for our development department in Sofia.\r\nREQUIREMENTS\r\n\r\n3 years minimum web programming experience in Software/Back end development\r\n3 years professional experience in PHP, jQuery, HTML and CSS\r\nDatabase and data modeling experience (e.g. MySQL)\r\nStrong experience in JavaScript\r\nExperience in Nodejs is a plus\r\nExperience in OOP\r\nB.A. Computer Science is a plus\r\nPositive, ambitious, proactive and self-organized person\r\nFluent English language skills \xe2\x80\x93 both written and spoken\r\nFluent German language skills is considered a plus\r\nExcellent workflow and personal project documentation management\r\nHonest team communication in a knowledge exchange manner\r\n\r\nWE OFFER\r\n\r\nCompetitive Salary.\r\nRelaxed work environment\xc2\xa0\r\nCareer progression opportunities and training\r\nFlexible working hours\r\nOpen-minded management team\r\n\r\nIf you are interested in becoming part of our team, please apply by sending your CV and links to recent projects you are a part of. All applications will be treated in strict confidentiality. Only shortlisted candidates will be invited to an interview.',
 'level': '\n\xd0\x9d\xd0\xb8\xd0\xb2\xd0\xbe:\n\n\n\xd0\x95\xd0\xba\xd1\x81\xd0\xbf\xd0\xb5\xd1\x80\xd1\x82\xd0\xb8/\xd0\xa1\xd0\xbf\xd0\xb5\xd1\x86\xd0\xb8\xd0\xb0\xd0\xbb\xd0\xb8\xd1\x81\xd1\x82\xd0\xb8\n',
 'location': '\xd0\xa1\xd0\xbe\xd1\x84\xd0\xb8\xd1\x8f',
 'ref_no': u'SV6',
 'title': 'Senior PHP developer',
 'type': '\n\xd0\x92\xd0\xb8\xd0\xb4 \xd1\x80\xd0\xb0\xd0\xb1\xd0\xbe\xd1\x82\xd0\xb0:\n\xd0\x9f\xd0\xbe\xd1\x81\xd1\x82\xd0\xbe\xd1\x8f\xd0\xbd\xd0\xbd\xd0\xb0 \xd1\x80\xd0\xb0\xd0\xb1\xd0\xbe\xd1\x82\xd0\xb0\n',
 'url': 'http://www.jobs.bg/f2934426',
 'work_grade': '\n\xd0\x92\xd0\xb8\xd0\xb4 \xd0\xb7\xd0\xb0\xd0\xb5\xd1\x82\xd0\xbe\xd1\x81\xd1\x82:\n\n\xd0\x9f\xd1\x8a\xd0\xbb\xd0\xbd\xd0\xbe \xd1\x80\xd0\xb0\xd0\xb1\xd0\xbe\xd1\x82\xd0\xbd\xd0\xbe \xd0\xb2\xd1\x80\xd0\xb5\xd0\xbc\xd0\xb5\n'}
2015-09-28 11:28:27 [scrapy] DEBUG: Crawled (200) <GET http://www.jobs.bg/f2934439> (referer: http://www.jobs.bg/front_job_search.php?first_search=1&all_cities=0&all_categories=0&all_type=0&all_position_level=1&all_company_type=1&keyword=)
2015-09-28 11:28:27 [scrapy] DEBUG: Scraped from <200 http://www.jobs.bg/f2934439>
{'advertiser': 'INFRAGISTICS BULGARIA EOOD',
 'category': '\n\xd0\x9a\xd0\xb0\xd1\x82\xd0\xb5\xd0\xb3\xd0\xbe\xd1\x80\xd0\xb8\xd1\x8f:\n\n\n\xd0\x98\xd0\xa2 - \xd0\xa0\xd0\xb0\xd0\xb7\xd1\x80\xd0\xb0\xd0\xb1\xd0\xbe\xd1\x82\xd0\xba\xd0\xb0/\xd0\xbf\xd0\xbe\xd0\xb4\xd0\xb4\xd1\x80\xd1\x8a\xd0\xb6\xd0\xba\xd0\xb0 \xd0\xbd\xd0\xb0 \xd1\x81\xd0\xbe\xd1\x84\xd1\x82\xd1\x83\xd0\xb5\xd1\x80\n\n\n',
 'date': u'\u0414\u0430\u0442\u0430:28.09.2015',
 'description_requirements': 'Infragistics is a global leader in user experience and UI design and development tools, trusted by over a million developers across all industries and company sizes, from single dev shops up to the largest enterprises in the world.\r\n\r\nAt Infragistics, you get to work with other passionate, motivated colleagues to produce world-class developer tools. We prioritize developer productivity, great Design and usability, and enterprise-grade reliability in everything we make. We are all about delighting customers and fostering a fun, healthy work environment with transparency, mutual trust, and innovation at the heart of our activities.  \r\n\r\nWe empower our software developers to hone a well-rounded skillset as part of a talented, fast-paced, cross-functional team that delivers high quality software on a regular cadence. You get to contribute to all aspects of software development from technical design and architecture to coding new features, tests, and samples to authoring help topics and bug fixing, as well as communicating directly with real customers by participating in support. It is truly a place for you to establish and grow your career in professional software development!\r\n\r\nWhile being a member of a cross-functional team, many team members specialize in key areas such as testing, support, and docs. We are currently looking for a software developer who is passionate about helping other developers become more effective using Infragistics products by working one on one with them to find solutions when they get stuck. \r\n\r\nIf you enjoy solving difficult problems, love helping people succeed, and don\xe2\x80\x99t rest until the customer is happy, there\xe2\x80\x99s a good chance you\xe2\x80\x99d be a great fit for this role! \r\n\r\nYour Primary Responsibilities:\r\n\r\n\xe2\x80\xa2\tIndependently debug product code to more deeply understand product behavior and create solutions, workarounds, and change sets to resolve problems with the product. \r\n\xe2\x80\xa2\tAdvocate for customers\xe2\x80\x99 perspective and needs within the product team.\r\n\xe2\x80\xa2\tAuthor new code samples, help topics, blog posts, and other documentation, and review/edit other team members\xe2\x80\x99 docs.\r\n\xe2\x80\xa2\tHelp ensure useful test coverage by authoring automated tests and executing manual tests for your team\xe2\x80\x99s product areas.\r\n\xe2\x80\xa2\tActively work on team and personal professional development plans for ongoing improvement.\r\n\xe2\x80\xa2\tDirectly help customers be successful with Infragistics products by answering incoming support requests through forums, chats, calls, etc. and creating samples to illustrate product usage and best practices.\r\n\r\nRequirements:\r\n\r\n\xe2\x80\xa2\t3+ years of experience with general web development.\r\n\xe2\x80\xa2\tComputer Science Degree or similar. \r\n\xe2\x80\xa2\tExperience with JavaScript, CSS and HTML. \r\n\xe2\x80\xa2\tExperience with ASP.NET and .NET framework.\r\n\xe2\x80\xa2\tExperience using jQuery, jQuery UI a plus.\r\n\xe2\x80\xa2\tExperience with Visual Studio and Team Foundation Server.\r\n\xe2\x80\xa2\tA working knowledge of software development and UX/UI design patterns.\r\n\xe2\x80\xa2\tPrior experience with reusable component and API design is a plus. \r\n\xe2\x80\xa2\tA positive, can-do attitude and willingness to jump in and contribute in whatever areas the team needs at any given time.\r\n\xe2\x80\xa2\tA drive for self and team improvement and active engagement in ongoing improvement.\r\n\xe2\x80\xa2\tUnderstanding and commitment to Infragistics values, vision, and mission.\r\n\r\nExtra Perks of Working for Infragistics:\r\n\r\n\xe2\x80\xa2\tOpen, friendly, collaborative working environment with cutting edge technologies\r\n\xe2\x80\xa2\tLearn and improve top-notch, commercial software development practices through on-the-job experience and ongoing professional development programs \r\n\xe2\x80\xa2\tWork with many other skilled developers all over the world\r\n\xe2\x80\xa2\tCompany-provided external and internal trainings \xe2\x80\x93 UX training, English course\r\n\xe2\x80\xa2\tAdditional health insurance \r\n\xe2\x80\xa2\tCompany-provided food & beverages program\r\n\xe2\x80\xa2\tFlexible working time\r\n\xe2\x80\xa2\tChance to express yourself - share your hobby with the team by setting up a club, or join one of the existing ones \xe2\x80\x93 we already have a Book Club, Cooking Club, Tennis Club\r\n\r\nIf your profile fits our requirements and you would like to be part of a passionate group of creative professionals delivering great software to a large worldwide customer base, please send us your resume!',
 'level': '\n\xd0\x9d\xd0\xb8\xd0\xb2\xd0\xbe:\n\n\n\xd0\x95\xd0\xba\xd1\x81\xd0\xbf\xd0\xb5\xd1\x80\xd1\x82\xd0\xb8/\xd0\xa1\xd0\xbf\xd0\xb5\xd1\x86\xd0\xb8\xd0\xb0\xd0\xbb\xd0\xb8\xd1\x81\xd1\x82\xd0\xb8\n',
 'location': '\xd0\xa1\xd0\xbe\xd1\x84\xd0\xb8\xd1\x8f',
 'ref_no': u'SDW',
 'title': 'Software Developer - Web',
 'type': '\n\xd0\x92\xd0\xb8\xd0\xb4 \xd1\x80\xd0\xb0\xd0\xb1\xd0\xbe\xd1\x82\xd0\xb0:\n\xd0\x9f\xd0\xbe\xd1\x81\xd1\x82\xd0\xbe\xd1\x8f\xd0\xbd\xd0\xbd\xd0\xb0 \xd1\x80\xd0\xb0\xd0\xb1\xd0\xbe\xd1\x82\xd0\xb0\n',
 'url': 'http://www.jobs.bg/f2934439',
 'work_grade': '\n\xd0\x92\xd0\xb8\xd0\xb4 \xd0\xb7\xd0\xb0\xd0\xb5\xd1\x82\xd0\xbe\xd1\x81\xd1\x82:\n\n\xd0\x9f\xd1\x8a\xd0\xbb\xd0\xbd\xd0\xbe \xd1\x80\xd0\xb0\xd0\xb1\xd0\xbe\xd1\x82\xd0\xbd\xd0\xbe \xd0\xb2\xd1\x80\xd0\xb5\xd0\xbc\xd0\xb5\n'}
2015-09-28 11:28:30 [scrapy] DEBUG: Crawled (200) <GET http://www.jobs.bg/f2934443> (referer: http://www.jobs.bg/front_job_search.php?first_search=1&all_cities=0&all_categories=0&all_type=0&all_position_level=1&all_company_type=1&keyword=)
2015-09-28 11:28:31 [scrapy] DEBUG: Scraped from <200 http://www.jobs.bg/f2934443>
{'advertiser': 'INFRAGISTICS BULGARIA EOOD',
 'category': '\n\xd0\x9a\xd0\xb0\xd1\x82\xd0\xb5\xd0\xb3\xd0\xbe\xd1\x80\xd0\xb8\xd1\x8f:\n\n\n\xd0\x98\xd0\xa2 - \xd0\xa0\xd0\xb0\xd0\xb7\xd1\x80\xd0\xb0\xd0\xb1\xd0\xbe\xd1\x82\xd0\xba\xd0\xb0/\xd0\xbf\xd0\xbe\xd0\xb4\xd0\xb4\xd1\x80\xd1\x8a\xd0\xb6\xd0\xba\xd0\xb0 \xd0\xbd\xd0\xb0 \xd1\x81\xd0\xbe\xd1\x84\xd1\x82\xd1\x83\xd0\xb5\xd1\x80\n\n\n',
 'date': u'\u0414\u0430\u0442\u0430:28.09.2015',
 'description_requirements': 'Infragistics is a global leader in user experience and UI design and development tools, trusted by over a million developers across all industries and company sizes, from single dev shops up to the largest enterprises in the world.\r\n\r\nAt Infragistics, you get to work with other passionate, motivated colleagues to produce world-class developer tools. We prioritize developer productivity, great Design and usability, and enterprise-grade reliability in everything we make. We are all about delighting customers and fostering a fun, healthy work environment with transparency, mutual trust, and innovation at the heart of our activities.  \r\n\r\nWe empower our software developers to hone a well-rounded skillset as part of a talented, fast-paced, cross-functional team that delivers high quality software on a regular cadence. You get to contribute to all aspects of software development from technical design and architecture to coding new features, tests, and samples to authoring help topics and bug fixing, as well as communicating directly with real customers by participating in support. It is truly a place for you to establish and grow your career in professional software development!\r\n\r\nIn this role, we are looking for a seasoned business application developer with extensive experience in XAML, particularly WPF, who will be a core contributor to expanding our XAML-based developer tools. If you love complex challenges and like the idea that the code you write will make tens of thousands of developers around the world more productive and effective, then this spot may be a great fit for you!\r\n\r\nYour Primary Responsibilities:\r\n\r\n\xe2\x80\xa2\tContribute to whole-lifecycle development of your platform/product in whatever areas the team needs. \r\n\xe2\x80\xa2\tIndependently handle new feature-level and control-level product architecture and development. \r\n\xe2\x80\xa2\tMentor the less senior members of your team by solving problems together, code reviews, etc. \r\n\r\nRequirements\r\n\r\nYou should be able to demonstrate:\r\n\r\n\xe2\x80\xa2\tReal-world business software application development background, typically five years minimum.\r\n\xe2\x80\xa2\tFormal education in computer science, software engineering, or related, or equivalent job on-the-job experience. \r\n\xe2\x80\xa2\tSignificant competency in .NET Framework and C#, including object-oriented design and development. \r\n\xe2\x80\xa2\tSeveral years of experience with XAML-based technologies, preferably WPF.\r\n\xe2\x80\xa2\tExperience with Visual Studio and Team Foundation Server.\r\n\xe2\x80\xa2\tTrack record of designing successful software features, areas, applications, etc.\r\n\xe2\x80\xa2\tA working knowledge of software development and UX/UI design patterns.\r\n\xe2\x80\xa2\tSignificant competence and prior experience with reusable component and API design. \r\n\xe2\x80\xa2\tPrior experience mentoring less senior members of your team. \r\n\xe2\x80\xa2\tA positive, can-do attitude and willingness to jump in and contribute in whatever areas the team needs at any given time.\r\n\xe2\x80\xa2\tA drive for self and team improvement and active engagement in ongoing improvement.\r\n\xe2\x80\xa2\tUnderstanding and commitment to Infragistics values, vision, and mission.\r\n\r\nExtra Perks of Working for Infragistics:\r\n\r\n\xe2\x80\xa2\tOpen, friendly, collaborative working environment with cutting edge technologies\r\n\xe2\x80\xa2\tLearn and improve top-notch, commercial software development practices through on-the-job experience and ongoing professional development programs \r\n\xe2\x80\xa2\tWork with many other skilled developers all over the world\r\n\xe2\x80\xa2\tCompany-provided external and internal trainings \xe2\x80\x93 UX training, English course\r\n\xe2\x80\xa2\tAdditional health insurance \r\n\xe2\x80\xa2\tCompany-provided food & beverages program\r\n\xe2\x80\xa2\tFlexible working time\r\n\xe2\x80\xa2\tChance to express yourself - share your hobby with the team by setting up a club, or join one of the existing ones \xe2\x80\x93 we already have a Book Club, Cooking Club, Tennis Club\r\n\r\nIf your profile fits our requirements and you would like to be part of a passionate group of creative professionals delivering great software to a large worldwide customer base, please send us your resume!',
 'level': '\n\xd0\x9d\xd0\xb8\xd0\xb2\xd0\xbe:\n\n\n\xd0\x95\xd0\xba\xd1\x81\xd0\xbf\xd0\xb5\xd1\x80\xd1\x82\xd0\xb8/\xd0\xa1\xd0\xbf\xd0\xb5\xd1\x86\xd0\xb8\xd0\xb0\xd0\xbb\xd0\xb8\xd1\x81\xd1\x82\xd0\xb8\n',
 'location': '\xd0\xa1\xd0\xbe\xd1\x84\xd0\xb8\xd1\x8f',
 'ref_no': u'SSD',
 'title': 'Senior Software Developer',
 'type': '\n\xd0\x92\xd0\xb8\xd0\xb4 \xd1\x80\xd0\xb0\xd0\xb1\xd0\xbe\xd1\x82\xd0\xb0:\n\xd0\x9f\xd0\xbe\xd1\x81\xd1\x82\xd0\xbe\xd1\x8f\xd0\xbd\xd0\xbd\xd0\xb0 \xd1\x80\xd0\xb0\xd0\xb1\xd0\xbe\xd1\x82\xd0\xb0\n',
 'url': 'http://www.jobs.bg/f2934443',
 'work_grade': '\n\xd0\x92\xd0\xb8\xd0\xb4 \xd0\xb7\xd0\xb0\xd0\xb5\xd1\x82\xd0\xbe\xd1\x81\xd1\x82:\n\n\xd0\x9f\xd1\x8a\xd0\xbb\xd0\xbd\xd0\xbe \xd1\x80\xd0\xb0\xd0\xb1\xd0\xbe\xd1\x82\xd0\xbd\xd0\xbe \xd0\xb2\xd1\x80\xd0\xb5\xd0\xbc\xd0\xb5\n'}
2015-09-28 11:28:35 [scrapy] DEBUG: Crawled (200) <GET http://www.jobs.bg/f2934303> (referer: http://www.jobs.bg/front_job_search.php?first_search=1&all_cities=0&all_categories=0&all_type=0&all_position_level=1&all_company_type=1&keyword=)
2015-09-28 11:28:35 [jobsSpider] INFO: Job http://www.jobs.bg/f2934303 - title does not exist
2015-09-28 11:28:35 [jobsSpider] INFO: Job http://www.jobs.bg/f2934303 - ref_no does not exist
2015-09-28 11:28:35 [jobsSpider] INFO: Job http://www.jobs.bg/f2934303 - location does not exist, but using location hint София
2015-09-28 11:28:35 [scrapy] DEBUG: Scraped from <200 http://www.jobs.bg/f2934303>
{'advertiser': 'Interoute Communications Ltd',
 'category': '\n\xd0\x9a\xd0\xb0\xd1\x82\xd0\xb5\xd0\xb3\xd0\xbe\xd1\x80\xd0\xb8\xd1\x8f:\n\n\n\xd0\x98\xd0\xa2 - \xd0\x90\xd0\xb4\xd0\xbc\xd0\xb8\xd0\xbd\xd0\xb8\xd1\x81\xd1\x82\xd1\x80\xd0\xb0\xd1\x82\xd0\xb8\xd0\xb2\xd0\xbd\xd0\xb8 \xd0\xb4\xd0\xb5\xd0\xb9\xd0\xbd\xd0\xbe\xd1\x81\xd1\x82\xd0\xb8 \xd0\xb8 \xd0\xbf\xd1\x80\xd0\xbe\xd0\xb4\xd0\xb0\xd0\xb6\xd0\xb1\xd0\xb8,\n\xd0\x98\xd0\xa2 - \xd0\xa0\xd0\xb0\xd0\xb7\xd1\x80\xd0\xb0\xd0\xb1\xd0\xbe\xd1\x82\xd0\xba\xd0\xb0/\xd0\xbf\xd0\xbe\xd0\xb4\xd0\xb4\xd1\x80\xd1\x8a\xd0\xb6\xd0\xba\xd0\xb0 \xd0\xbd\xd0\xb0 \xd1\x81\xd0\xbe\xd1\x84\xd1\x82\xd1\x83\xd0\xb5\xd1\x80,\n\xd0\xa2\xd0\xb5\xd0\xbb\xd0\xb5\xd0\xba\xd0\xbe\xd0\xbc\xd1\x83\xd0\xbd\xd0\xb8\xd0\xba\xd0\xb0\xd1\x86\xd0\xb8\xd0\xb8 - \xd0\xb8\xd0\xbd\xd0\xb6\xd0\xb5\xd0\xbd\xd0\xb5\xd1\x80\xd0\xb8 \xd0\xb8 \xd1\x82\xd0\xb5\xd1\x85\xd0\xbd\xd0\xb8\xd1\x86\xd0\xb8\n\n\n',
 'date': u'\u0414\u0430\u0442\u0430:28.09.2015 11:06',
 'description_requirements': '',
 'level': '\n\xd0\x9d\xd0\xb8\xd0\xb2\xd0\xbe:\n\n\n\xd0\x95\xd0\xba\xd1\x81\xd0\xbf\xd0\xb5\xd1\x80\xd1\x82\xd0\xb8/\xd0\xa1\xd0\xbf\xd0\xb5\xd1\x86\xd0\xb8\xd0\xb0\xd0\xbb\xd0\xb8\xd1\x81\xd1\x82\xd0\xb8\n',
 'location': '\xd0\xa1\xd0\xbe\xd1\x84\xd0\xb8\xd1\x8f',
 'type': '\n\xd0\x92\xd0\xb8\xd0\xb4 \xd1\x80\xd0\xb0\xd0\xb1\xd0\xbe\xd1\x82\xd0\xb0:\n\xd0\x9f\xd0\xbe\xd1\x81\xd1\x82\xd0\xbe\xd1\x8f\xd0\xbd\xd0\xbd\xd0\xb0 \xd1\x80\xd0\xb0\xd0\xb1\xd0\xbe\xd1\x82\xd0\xb0\n',
 'url': 'http://www.jobs.bg/f2934303',
 'work_grade': '\n\xd0\x92\xd0\xb8\xd0\xb4 \xd0\xb7\xd0\xb0\xd0\xb5\xd1\x82\xd0\xbe\xd1\x81\xd1\x82:\n\n\xd0\x9f\xd1\x8a\xd0\xbb\xd0\xbd\xd0\xbe \xd1\x80\xd0\xb0\xd0\xb1\xd0\xbe\xd1\x82\xd0\xbd\xd0\xbe \xd0\xb2\xd1\x80\xd0\xb5\xd0\xbc\xd0\xb5\n'}
2015-09-28 11:28:39 [scrapy] DEBUG: Crawled (200) <GET http://www.jobs.bg/f2934492> (referer: http://www.jobs.bg/front_job_search.php?first_search=1&all_cities=0&all_categories=0&all_type=0&all_position_level=1&all_company_type=1&keyword=)
2015-09-28 11:28:39 [scrapy] DEBUG: Scraped from <200 http://www.jobs.bg/f2934492>
{'advertiser': '\xd0\x98\xd0\xb7\xd0\xb8 \xd0\x90\xd1\x81\xd0\xb5\xd1\x82 \xd0\x9c\xd0\xb5\xd0\xbd\xd0\xb8\xd0\xb4\xd0\xb6\xd0\xbc\xd1\x8a\xd0\xbd\xd1\x82 \xd0\x90\xd0\x94',
 'category': '\n\xd0\x9a\xd0\xb0\xd1\x82\xd0\xb5\xd0\xb3\xd0\xbe\xd1\x80\xd0\xb8\xd1\x8f:\n\n\n\xd0\x91\xd0\xb0\xd0\xbd\xd0\xba\xd0\xb8/\xd0\x9a\xd1\x80\xd0\xb5\xd0\xb4\xd0\xb8\xd1\x82\xd0\xb8\xd1\x80\xd0\xb0\xd0\xbd\xd0\xb5,\n\xd0\x90\xd0\xb4\xd0\xbc\xd0\xb8\xd0\xbd\xd0\xb8\xd1\x81\xd1\x82\xd1\x80\xd0\xb0\xd1\x82\xd0\xb8\xd0\xb2\xd0\xbd\xd0\xb8 \xd0\xb8 \xd0\xbe\xd1\x84\xd0\xb8\xd1\x81 \xd0\xb4\xd0\xb5\xd0\xb9\xd0\xbd\xd0\xbe\xd1\x81\xd1\x82\xd0\xb8,\n\xd0\xa1\xd1\x87\xd0\xb5\xd1\x82\xd0\xbe\xd0\xb2\xd0\xbe\xd0\xb4\xd1\x81\xd1\x82\xd0\xb2\xd0\xbe, \xd0\x9e\xd0\xb4\xd0\xb8\xd1\x82, \xd0\xa4\xd0\xb8\xd0\xbd\xd0\xb0\xd0\xbd\xd1\x81\xd0\xb8\n\n\n',
 'date': u'\u0414\u0430\u0442\u0430:28.09.2015',
 'description_requirements': 'Easy Asset Management is leading financial services provider in Eastern Europe. The group of companies operates with more than 6900 employees and associates in 270 offices across Bulgaria, Ukraine, Romania, Poland, Czech Republic and Macedonia.\r\n\r\nWorking as a member of the Financial Analysis and Planning team at the Operations Division, the position holder will provide financial planning support and management information to the senior management across the EAM group of companies.\r\n\r\nJob description:\r\n\xe2\x80\xa2\tDevelop management reporting packages highlighting operational performance against plan and explaining variances for global and local operating companies\r\n\xe2\x80\xa2\tHelp design, upgrade, test and implement advanced financial planning and analysis systems\r\n\xe2\x80\xa2\tHelp develop annual budgets and forecasts\r\n\xe2\x80\xa2\tRoll up and review plans and forecasts\r\n\xe2\x80\xa2\tDevelop highlights towards key budget observations and insights\r\n\xe2\x80\xa2\tSupport projects relating to resources utilization\r\n\xe2\x80\xa2\tPrepare analysis and presentations for management meetings\r\n\xe2\x80\xa2\tPerform special strategic projects and other related duties as required\r\n\r\nRequirements:\r\n\xe2\x80\xa2\tBachelor\xe2\x80\x99s degree in accounting, finance, business or related field is a must\r\n\xe2\x80\xa2\t3+ years  relevant experience in positions that require analysis and reporting experience is a must\r\n\xe2\x80\xa2\tAnalytical and logical thinking, keen on working with numbers;\r\n\xe2\x80\xa2\tMicrosoft Excel advanced skills and good command of English are a must\r\n\xe2\x80\xa2\tGood understanding of IFRS will be considered as an advantage\r\n\xe2\x80\xa2\tExperience in international, group and/or shared services environment is a plus\r\n\r\nBenefits:\r\n\xe2\x80\xa2\tOngoing training and development programs\r\n\xe2\x80\xa2\tCompetitive starting remuneration \r\n\r\nWe are searching for candidates who enjoy working with people in a fast-paced, growing environment. If you have a drive to succeed and advance your career, our structure might be a fit for you.\r\n\r\nWe encourage you to take a couple minutes to submit your resume to be considered as the newest member to our professional team. \r\n\r\nWe are an equal employment opportunity employer. Qualified applicants will receive consideration for employment without regard to race, color, religion, sex, sexual orientation, gender perception or identity, national origin, age, marital status or disability status.\r\n\r\nWe appreciate and thank you for your application. Only short-listed candidates will be contacted.',
 'level': '\n\xd0\x9d\xd0\xb8\xd0\xb2\xd0\xbe:\n\n\n\xd0\x95\xd0\xba\xd1\x81\xd0\xbf\xd0\xb5\xd1\x80\xd1\x82\xd0\xb8/\xd0\xa1\xd0\xbf\xd0\xb5\xd1\x86\xd0\xb8\xd0\xb0\xd0\xbb\xd0\xb8\xd1\x81\xd1\x82\xd0\xb8\n',
 'location': '\xd0\xa1\xd0\xbe\xd1\x84\xd0\xb8\xd1\x8f',
 'ref_no': u' FA',
 'title': 'FINANCIAL ANALYST',
 'type': '\n\xd0\x92\xd0\xb8\xd0\xb4 \xd1\x80\xd0\xb0\xd0\xb1\xd0\xbe\xd1\x82\xd0\xb0:\n\xd0\x9f\xd0\xbe\xd1\x81\xd1\x82\xd0\xbe\xd1\x8f\xd0\xbd\xd0\xbd\xd0\xb0 \xd1\x80\xd0\xb0\xd0\xb1\xd0\xbe\xd1\x82\xd0\xb0\n',
 'url': 'http://www.jobs.bg/f2934492',
 'work_grade': '\n\xd0\x92\xd0\xb8\xd0\xb4 \xd0\xb7\xd0\xb0\xd0\xb5\xd1\x82\xd0\xbe\xd1\x81\xd1\x82:\n\n\xd0\x9f\xd1\x8a\xd0\xbb\xd0\xbd\xd0\xbe \xd1\x80\xd0\xb0\xd0\xb1\xd0\xbe\xd1\x82\xd0\xbd\xd0\xbe \xd0\xb2\xd1\x80\xd0\xb5\xd0\xbc\xd0\xb5\n'}
2015-09-28 11:28:43 [scrapy] DEBUG: Crawled (200) <GET http://www.jobs.bg/f2934508> (referer: http://www.jobs.bg/front_job_search.php?first_search=1&all_cities=0&all_categories=0&all_type=0&all_position_level=1&all_company_type=1&keyword=)
2015-09-28 11:28:43 [jobsSpider] INFO: Job http://www.jobs.bg/f2934508 - ref_no does not exist
2015-09-28 11:28:43 [scrapy] DEBUG: Scraped from <200 http://www.jobs.bg/f2934508>
{'advertiser': 'Hewlett-Packard Bulgaria Ltd.',
 'category': '\n\xd0\x9a\xd0\xb0\xd1\x82\xd0\xb5\xd0\xb3\xd0\xbe\xd1\x80\xd0\xb8\xd1\x8f:\n\n\n\xd0\x98\xd0\xa2 - \xd0\x90\xd0\xb4\xd0\xbc\xd0\xb8\xd0\xbd\xd0\xb8\xd1\x81\xd1\x82\xd1\x80\xd0\xb0\xd1\x82\xd0\xb8\xd0\xb2\xd0\xbd\xd0\xb8 \xd0\xb4\xd0\xb5\xd0\xb9\xd0\xbd\xd0\xbe\xd1\x81\xd1\x82\xd0\xb8 \xd0\xb8 \xd0\xbf\xd1\x80\xd0\xbe\xd0\xb4\xd0\xb0\xd0\xb6\xd0\xb1\xd0\xb8,\n\xd0\x9a\xd0\xbe\xd0\xbd\xd1\x82\xd0\xb0\xd0\xba\xd1\x82 \xd1\x86\xd0\xb5\xd0\xbd\xd1\x82\xd1\x80\xd0\xbe\xd0\xb2\xd0\xb5 (Call Centers),\n\xd0\x90\xd0\xb4\xd0\xbc\xd0\xb8\xd0\xbd\xd0\xb8\xd1\x81\xd1\x82\xd1\x80\xd0\xb0\xd1\x82\xd0\xb8\xd0\xb2\xd0\xbd\xd0\xb8 \xd0\xb8 \xd0\xbe\xd1\x84\xd0\xb8\xd1\x81 \xd0\xb4\xd0\xb5\xd0\xb9\xd0\xbd\xd0\xbe\xd1\x81\xd1\x82\xd0\xb8\n\n\n',
 'date': u'\u0414\u0430\u0442\u0430:28.09.2015',
 'description_requirements': 'We are looking for a motivated Quality Analyst with excellent German knowledge to join a dynamic team in HP. As part of the Delivery Support Operations, the Quality Analyst promotes the Customer Solution Center(CSC)Sofia Quality Culture and supports the CSC Sofia Delivery Teams by driving on-going operational and process improvements, facilitating changes to the quality strategy into the business.\r\n\r\n The Quality Analyst\xe2\x80\x99s main responsibility is to perform quality based audits, utilizing call recordings and case documentation for technical and non-technical teams and to provide feedback on his findings in regular one-to-one sessions to the agents and their Managers.\r\n\r\n Job specifics/responsibilities:\r\n\r\n\xe2\x80\xa2 Lead, drive and maintain the CSC Sofia Quality Assurance processes, analysis and reporting as part of the CSC Sofia QA team\r\n\xe2\x80\xa2 Perform quality audits based on call recordings and case documentation\r\n\xe2\x80\xa2 Conduct and lead regular quality feedback sessions\r\n\xe2\x80\xa2 Provide quality performance reporting on individual and team basis\r\n\xe2\x80\xa2 Identify, suggest and track progress of structured improvement plans\r\n\xe2\x80\xa2 Maintain and utilize channel to other supporting functions\r\n\xe2\x80\xa2 Maintain up-to-date knowledge of current technical and non-technical procedures/processes\r\n\r\n Key deliverables/accountabilities:\r\n\r\n\xe2\x80\xa2 Drive continuous improvement of quality of work at CSC Sofia\r\n\xe2\x80\xa2 Identify and report quality problem areas and specific items for assigned agents\r\n\xe2\x80\xa2 Suggest and track improvement action plans based on audit results\r\n\xe2\x80\xa2 Advise, mentor and motivate assigned agents to comply with current technical and non-technical HP policies, processes and procedures\r\n\xe2\x80\xa2 Proactively flag and address critical issue areas and provide visibility on Agent, Team and Site Management level\r\n\r\n Requirements:\r\n\r\n Education (degree) and professional experience required\r\n\xe2\x80\xa2 Bachelor/master degree or similar\r\n\xe2\x80\xa2 Excellent language skills in German \r\n\xe2\x80\xa2 Good command of English \r\n\r\n Personal skills and qualities:\r\n\r\n\xe2\x80\xa2 Distinctive ability to work in a team environment\r\n\xe2\x80\xa2 Excellent communication & interpersonal skills\r\n Technical skills (procedures and documents the employee has to be acquainted with):\r\n\xe2\x80\xa2 Experienced user of MS Office Tools\r\n\r\n\r\n This is to inform you that Hewlett Packard GDBC EOOD (HP) is registered as an administrator of personal data to the Commission for Data Protection. Some of the information that you provide voluntarily is personal information and falls under the special protection regime under the Law on Personal Data Protection. The personal data provided by you will be processed for the purposes of the selection process as well as for the realization of the legitimate interests of the data controller in respect of any future contract of employment. HP takes the responsibility to handle, use and store your personal data, ensuring its protection in secret from the third parties. We inform you and you agree that HP may provide your personal data to government, municipal institutions, banks, companies, corporate bodies and individuals, where such obligation exists under a special legal provision, where it is necessary for realization of your rights and legal interests as a participant in the selection process, and when it is necessary to realize the legitimate rights and interests of HP. HP can provide your personal information to corporate bodies and individuals who are assigned to actions and activities relating to the selection process and in respect of any future contract of employment.',
 'level': '\n\xd0\x9d\xd0\xb8\xd0\xb2\xd0\xbe:\n\n\n\xd0\x95\xd0\xba\xd1\x81\xd0\xbf\xd0\xb5\xd1\x80\xd1\x82\xd0\xb8/\xd0\xa1\xd0\xbf\xd0\xb5\xd1\x86\xd0\xb8\xd0\xb0\xd0\xbb\xd0\xb8\xd1\x81\xd1\x82\xd0\xb8\n',
 'location': '\xd0\xa1\xd0\xbe\xd1\x84\xd0\xb8\xd1\x8f',
 'title': 'Quality Analyst with German',
 'type': '\n\xd0\x92\xd0\xb8\xd0\xb4 \xd1\x80\xd0\xb0\xd0\xb1\xd0\xbe\xd1\x82\xd0\xb0:\n\xd0\x9f\xd0\xbe\xd1\x81\xd1\x82\xd0\xbe\xd1\x8f\xd0\xbd\xd0\xbd\xd0\xb0 \xd1\x80\xd0\xb0\xd0\xb1\xd0\xbe\xd1\x82\xd0\xb0\n',
 'url': 'http://www.jobs.bg/f2934508',
 'work_grade': '\n\xd0\x92\xd0\xb8\xd0\xb4 \xd0\xb7\xd0\xb0\xd0\xb5\xd1\x82\xd0\xbe\xd1\x81\xd1\x82:\n\n\xd0\x9f\xd1\x8a\xd0\xbb\xd0\xbd\xd0\xbe \xd1\x80\xd0\xb0\xd0\xb1\xd0\xbe\xd1\x82\xd0\xbd\xd0\xbe \xd0\xb2\xd1\x80\xd0\xb5\xd0\xbc\xd0\xb5\n'}
2015-09-28 11:28:46 [scrapy] DEBUG: Crawled (200) <GET http://www.jobs.bg/f2905039> (referer: http://www.jobs.bg/front_job_search.php?first_search=1&all_cities=0&all_categories=0&all_type=0&all_position_level=1&all_company_type=1&keyword=)
2015-09-28 11:28:47 [scrapy] DEBUG: Scraped from <200 http://www.jobs.bg/f2905039>
{'advertiser': '\xd0\xa1\xd0\x9e\xd0\x9b\xd0\x98\xd0\xa1 \xd0\x95\xd0\x9e\xd0\x9e\xd0\x94',
 'category': '\n\xd0\x9a\xd0\xb0\xd1\x82\xd0\xb5\xd0\xb3\xd0\xbe\xd1\x80\xd0\xb8\xd1\x8f:\n\n\n\xd0\x9f\xd1\x80\xd0\xbe\xd0\xb8\xd0\xb7\xd0\xb2\xd0\xbe\xd0\xb4\xd1\x81\xd1\x82\xd0\xb2\xd0\xbe(\xd0\xb4\xd1\x80\xd1\x83\xd0\xb3\xd0\xbe),\n\xd0\xa0\xd0\xb5\xd0\xbc\xd0\xbe\xd0\xbd\xd1\x82/\xd0\x98\xd0\xbd\xd1\x81\xd1\x82\xd0\xb0\xd0\xbb\xd0\xb0\xd1\x86\xd0\xb8\xd1\x8f/\xd0\xa1\xd0\xb5\xd1\x80\xd0\xb2\xd0\xb8\xd0\xb7\n\n\n',
 'date': u'\u0414\u0430\u0442\u0430:28.09.2015',
 'description_requirements': '\xd0\xa4\xd0\xb8\xd1\x80\xd0\xbc\xd0\xb0 "\xd0\xa1\xd0\x9e\xd0\x9b\xd0\x98\xd0\xa1" e \xd0\xbf\xd1\x80\xd0\xbe\xd0\xb8\xd0\xb7\xd0\xb2\xd0\xbe\xd0\xb4\xd0\xb8\xd1\x82\xd0\xb5\xd0\xbb \xd0\xbd\xd0\xb0 \r\n\xd0\xb2\xd1\x81\xd0\xb8\xd1\x87\xd0\xba\xd0\xb8 \xd0\xb2\xd0\xb8\xd0\xb4\xd0\xbe\xd0\xb2\xd0\xb5 \xd1\x89\xd0\xbe\xd1\x80\xd0\xb8 \xd0\xb8 \xd0\xb4\xd0\xbe\xd0\xb3\xd1\x80\xd0\xb0\xd0\xbc\xd0\xb0. \xd0\x9f\xd0\xbe\xd1\x80\xd0\xb0\xd0\xb4\xd0\xb8 \xd0\xbd\xd0\xb0\xd1\x80\xd0\xb0\xd1\x81\xd1\x82\xd0\xb2\xd0\xb0\xd1\x89\xd0\xb8\xd1\x8f \xd0\xbe\xd0\xb1\xd0\xb5\xd0\xbc \xd0\xbd\xd0\xb0 \xd0\xbf\xd0\xbe\xd1\x80\xd1\x8a\xd1\x87\xd0\xba\xd0\xb8, \xd1\x84\xd0\xb8\xd1\x80\xd0\xbc\xd0\xb0\xd1\x82\xd0\xb0 \xd1\x82\xd1\x8a\xd1\x80\xd1\x81\xd0\xb8 \xd0\xbc\xd0\xbe\xd0\xbd\xd1\x82\xd0\xb0\xd0\xb6\xd0\xbd\xd0\xb8\xd1\x86\xd0\xb8 \xd0\xbd\xd0\xb0 \xd1\x89\xd0\xbe\xd1\x80\xd0\xb8 \xd0\xb8 \xd0\xb4\xd0\xbe\xd0\xb3\xd1\x80\xd0\xb0\xd0\xbc\xd0\xb0\r\n\r\n\xd0\x9a\xd0\xb0\xd0\xba\xd0\xb2\xd0\xbe \xd0\xbc\xd0\xbe\xd0\xb6\xd0\xb5\xd0\xbc \xd0\xb4\xd0\xb0 \xd0\x92\xd0\xb8 \xd0\xbf\xd1\x80\xd0\xb5\xd0\xb4\xd0\xbb\xd0\xbe\xd0\xb6\xd0\xb8\xd0\xbc?\r\n- \xd0\x9c\xd0\xbd\xd0\xbe\xd0\xb3\xd0\xbe \xd0\xb4\xd0\xbe\xd0\xb1\xd1\x80\xd0\xbe \xd0\xb7\xd0\xb0\xd0\xbf\xd0\xbb\xd0\xb0\xd1\x89\xd0\xb0\xd0\xbd\xd0\xb5 ;\r\n- \xd0\xa0\xd0\xb5\xd0\xb4\xd0\xbe\xd0\xb2\xd0\xbd\xd0\xbe \xd0\xb8\xd0\xb7\xd0\xbf\xd0\xbb\xd0\xb0\xd1\x89\xd0\xb0\xd0\xbd\xd0\xb5 \xd0\xbd\xd0\xb0 \xd0\xbc\xd0\xb5\xd1\x81\xd0\xb5\xd1\x87\xd0\xbd\xd0\xbe\xd1\x82\xd0\xbe \xd0\xb2\xd1\x8a\xd0\xb7\xd0\xbd\xd0\xb0\xd0\xb3\xd1\x80\xd0\xb0\xd0\xb6\xd0\xb4\xd0\xb5\xd0\xbd\xd0\xb8\xd0\xb5;\r\n- \xd0\x9e\xd0\xb1\xd1\x83\xd1\x87\xd0\xb5\xd0\xbd\xd0\xb8\xd0\xb5 \xd0\xb2 \xd1\x81\xd1\x84\xd0\xb5\xd1\x80\xd0\xb0\xd1\x82\xd0\xb0 \xd0\xbd\xd0\xb0 \xd0\xbc\xd0\xbe\xd0\xbd\xd1\x82\xd0\xb0\xd0\xb6\xd0\xb8 \xd0\xb8 \xd0\xb2\xd0\xb7\xd0\xb5\xd0\xbc\xd0\xb0\xd0\xbd\xd0\xb5 \xd0\xbd\xd0\xb0 \xd1\x80\xd0\xb0\xd0\xb7\xd0\xbc\xd0\xb5\xd1\x80\xd0\xb8 \xd0\xb7\xd0\xb0 \xd0\xbf\xd1\x80\xd0\xbe\xd0\xb4\xd1\x83\xd0\xba\xd1\x82\xd0\xb8\xd1\x82\xd0\xb5 \xd0\xbd\xd0\xb0 \xd1\x84\xd0\xb8\xd1\x80\xd0\xbc\xd0\xb0 "\xd0\xa1\xd0\xbe\xd0\xbb\xd0\xb8\xd1\x81";\r\n- \xd0\x9f\xd0\xbe\xd1\x81\xd1\x82\xd0\xbe\xd1\x8f\xd0\xbd\xd0\xbd\xd0\xb0 \xd1\x80\xd0\xb0\xd0\xb1\xd0\xbe\xd1\x82\xd0\xb0 \xd0\xbd\xd0\xb0 \xd1\x82\xd1\x80\xd1\x83\xd0\xb4\xd0\xbe\xd0\xb2 \xd0\xb4\xd0\xbe\xd0\xb3\xd0\xbe\xd0\xb2\xd0\xbe\xd1\x80 \xd0\xb2 \xd0\xb4\xd0\xbe\xd0\xba\xd0\xb0\xd0\xb7\xd0\xb0\xd0\xbb\xd0\xb0 \xd1\x81\xd0\xb5 \xd0\xbd\xd0\xb0 \xd0\xbf\xd0\xb0\xd0\xb7\xd0\xb0\xd1\x80\xd0\xb0 \xd1\x84\xd0\xb8\xd1\x80\xd0\xbc\xd0\xb0;\r\n- \xd0\xa1\xd0\xbb\xd1\x83\xd0\xb6\xd0\xb5\xd0\xb1\xd0\xb5\xd0\xbd \xd0\xb0\xd0\xb2\xd1\x82\xd0\xbe\xd0\xbc\xd0\xbe\xd0\xb1\xd0\xb8\xd0\xbb, \xd1\x82\xd0\xb5\xd0\xbb\xd0\xb5\xd1\x84\xd0\xbe\xd0\xbd \xd0\xb8 \xd0\xbe\xd0\xb1\xd0\xbb\xd0\xb5\xd0\xba\xd0\xbb\xd0\xbe;\r\n- \xd0\x9f\xd1\x80\xd0\xb8\xd1\x8f\xd1\x82\xd0\xbd\xd0\xb0 \xd1\x80\xd0\xb0\xd0\xb1\xd0\xbe\xd1\x82\xd0\xbd\xd0\xb0 \xd0\xb0\xd1\x82\xd0\xbc\xd0\xbe\xd1\x81\xd1\x84\xd0\xb5\xd1\x80\xd0\xb0 \xd1\x81 \xd0\xbc\xd0\xbb\xd0\xb0\xd0\xb4 \xd0\xb8 \xd0\xbc\xd0\xbe\xd1\x82\xd0\xb8\xd0\xb2\xd0\xb8\xd1\x80\xd0\xb0\xd0\xbd \xd0\xb5\xd0\xba\xd0\xb8\xd0\xbf.\r\n\r\n\xd0\x9d\xd0\xb5 \xd1\x81\xd0\xb5 \xd0\xb8\xd0\xb7\xd0\xb8\xd1\x81\xd0\xba\xd0\xb2\xd0\xb0 \xd0\xbe\xd0\xbf\xd0\xb8\xd1\x82!\r\n\r\n\xd0\x9a\xd0\xb0\xd0\xba\xd0\xb2\xd0\xb8 \xd1\x81\xd0\xb0 \xd0\xb8\xd0\xb7\xd0\xb8\xd1\x81\xd0\xba\xd0\xb2\xd0\xb0\xd0\xbd\xd0\xb8\xd1\x8f\xd1\x82\xd0\xb0 \xd0\xba\xd1\x8a\xd0\xbc \xd0\x92\xd0\xb0\xd1\x81?\r\n- \xd0\xa8\xd0\xbe\xd1\x84\xd1\x8c\xd0\xbe\xd1\x80\xd1\x81\xd0\xba\xd0\xb0 \xd0\xba\xd0\xbd\xd0\xb8\xd0\xb6\xd0\xba\xd0\xb0;\r\n\r\n\xd0\x9e\xd1\x87\xd0\xb0\xd0\xba\xd0\xb2\xd0\xb0\xd0\xbc\xd0\xb5 \xd0\xb0\xd0\xb2\xd1\x82\xd0\xbe\xd0\xb1\xd0\xb8\xd0\xbe\xd0\xb3\xd1\x80\xd0\xb0\xd1\x84\xd0\xb8\xd0\xb8\xd1\x82\xd0\xb5 \xd0\x92\xd0\xb8!\r\n\r\n\xd0\x9b\xd0\xb8\xd1\x87\xd0\xbd\xd0\xb8\xd1\x82\xd0\xb5 \xd0\x92\xd0\xb8 \xd0\xb4\xd0\xb0\xd0\xbd\xd0\xbd\xd0\xb8 \xd1\x89\xd0\xb5 \xd0\xb1\xd1\x8a\xd0\xb4\xd0\xb0\xd1\x82 \xd0\xbe\xd0\xb1\xd1\x80\xd0\xb0\xd0\xb1\xd0\xbe\xd1\x82\xd0\xb2\xd0\xb0\xd0\xbd\xd0\xb8 \xd0\xb8 \xd0\xb7\xd0\xb0\xd1\x89\xd0\xb8\xd1\x82\xd0\xb5\xd0\xbd\xd0\xb8 \xd0\xb2 \xd1\x81\xd1\x8a\xd0\xbe\xd1\x82\xd0\xb2\xd0\xb5\xd1\x82\xd1\x81\xd1\x82\xd0\xb2\xd0\xb8\xd0\xb5 \xd1\x81\xd1\x8a\xd1\x81 \xd0\x97\xd0\x97\xd0\x9b\xd0\x94.',
 'level': '\n\xd0\x9d\xd0\xb8\xd0\xb2\xd0\xbe:\n\n\n\xd0\xa1\xd0\xbb\xd1\x83\xd0\xb6\xd0\xb8\xd1\x82\xd0\xb5\xd0\xbb\xd0\xb8\n',
 'location': '\xd0\xa1\xd0\xbe\xd1\x84\xd0\xb8\xd1\x8f',
 'ref_no': u'sofm9',
 'title': '\xd0\x9c\xd0\xbe\xd0\xbd\xd1\x82\xd0\xb0\xd0\xb6\xd0\xbd\xd0\xb8\xd1\x86\xd0\xb8 \xd0\xbd\xd0\xb0 \xd1\x89\xd0\xbe\xd1\x80\xd0\xb8 \xd0\xb8 \xd0\xb4\xd0\xbe\xd0\xb3\xd1\x80\xd0\xb0\xd0\xbc\xd0\xb0',
 'type': '\n\xd0\x92\xd0\xb8\xd0\xb4 \xd1\x80\xd0\xb0\xd0\xb1\xd0\xbe\xd1\x82\xd0\xb0:\n\xd0\x9f\xd0\xbe\xd1\x81\xd1\x82\xd0\xbe\xd1\x8f\xd0\xbd\xd0\xbd\xd0\xb0 \xd1\x80\xd0\xb0\xd0\xb1\xd0\xbe\xd1\x82\xd0\xb0\n',
 'url': 'http://www.jobs.bg/f2905039',
 'work_grade': '\n\xd0\x92\xd0\xb8\xd0\xb4 \xd0\xb7\xd0\xb0\xd0\xb5\xd1\x82\xd0\xbe\xd1\x81\xd1\x82:\n\n\xd0\x9f\xd1\x8a\xd0\xbb\xd0\xbd\xd0\xbe \xd1\x80\xd0\xb0\xd0\xb1\xd0\xbe\xd1\x82\xd0\xbd\xd0\xbe \xd0\xb2\xd1\x80\xd0\xb5\xd0\xbc\xd0\xb5\n'}
2015-09-28 11:28:49 [scrapy] DEBUG: Crawled (200) <GET http://www.jobs.bg/f2934606> (referer: http://www.jobs.bg/front_job_search.php?first_search=1&all_cities=0&all_categories=0&all_type=0&all_position_level=1&all_company_type=1&keyword=)
2015-09-28 11:28:50 [jobsSpider] INFO: Job http://www.jobs.bg/f2934606 - ref_no does not exist
2015-09-28 11:28:50 [scrapy] DEBUG: Scraped from <200 http://www.jobs.bg/f2934606>
{'advertiser': '\xd0\xa2\xd0\x95\xd0\x9d\xd0\x94\xd0\x90\xd0\xa0 \xd0\xa1\xd0\x98\xd0\xa1\xd0\xa2\xd0\x95\xd0\x9c \xd0\x9e\xd0\x9e\xd0\x94',
 'category': '\n\xd0\x9a\xd0\xb0\xd1\x82\xd0\xb5\xd0\xb3\xd0\xbe\xd1\x80\xd0\xb8\xd1\x8f:\n\n\n\xd0\xa0\xd0\xb5\xd1\x81\xd1\x82\xd0\xbe\xd1\x80\xd0\xb0\xd0\xbd\xd1\x82\xd0\xb8, \xd0\x9a\xd0\xb5\xd1\x82\xd1\x8a\xd1\x80\xd0\xb8\xd0\xbd\xd0\xb3,\n\xd0\xa2\xd1\x8a\xd1\x80\xd0\xb3\xd0\xbe\xd0\xb2\xd0\xb8\xd1\x8f, \xd0\x9f\xd1\x80\xd0\xbe\xd0\xb4\xd0\xb0\xd0\xb6\xd0\xb1\xd0\xb8 - \xd0\x9f\xd1\x80\xd0\xbe\xd0\xb4\xd0\xb0\xd0\xb2\xd0\xb0\xd1\x87\xd0\xb8 \xd0\xb8 \xd0\xbf\xd0\xbe\xd0\xbc\xd0\xbe\xd1\x89\xd0\xb5\xd0\xbd \xd0\xbf\xd0\xb5\xd1\x80\xd1\x81\xd0\xbe\xd0\xbd\xd0\xb0\xd0\xbb\n\n\n',
 'date': u'\u0414\u0430\u0442\u0430:28.09.2015',
 'description_requirements': '\xd0\x9a\xd0\xb0\xd1\x84\xd0\xb5, \xd0\xbd\xd0\xb0\xd0\xbc\xd0\xb8\xd1\x80\xd0\xb0\xd1\x89\xd0\xbe \xd1\x81\xd0\xb5 \xd0\xb2 \xd0\xa2\xd0\xb5\xd1\x85\xd0\xbd\xd0\xb8\xd1\x87\xd0\xb5\xd1\x81\xd0\xba\xd0\xb8 \xd1\x83\xd0\xbd\xd0\xb8\xd0\xb2\xd0\xb5\xd1\x80\xd1\x81\xd0\xb8\xd1\x82\xd0\xb5\xd1\x82 - \xd0\xb6\xd0\xba.\xd0\x94\xd1\x8a\xd1\x80\xd0\xb2\xd0\xb5\xd0\xbd\xd0\xb8\xd1\x86\xd0\xb0, \xd1\x82\xd1\x8a\xd1\x80\xd1\x81\xd0\xb8 \xd1\x81\xd0\xbb\xd1\x83\xd0\xb6\xd0\xb8\xd1\x82\xd0\xb5\xd0\xbb \xd0\xb7\xd0\xb0 \xd1\x80\xd0\xb0\xd0\xb1\xd0\xbe\xd1\x82\xd0\xb0.\r\n\xd0\x9f\xd1\x80\xd0\xb8\xd0\xb3\xd0\xbe\xd1\x82\xd0\xb2\xd1\x8f\xd1\x82 \xd1\x81\xd0\xb5 \xd1\x81\xd0\xb0\xd0\xbd\xd0\xb4\xd0\xb2\xd0\xb8\xd1\x87\xd0\xb8, \xd1\x84\xd1\x80\xd0\xb5\xd1\x88\xd0\xbe\xd0\xb2\xd0\xb5, \xd0\xba\xd0\xb0\xd1\x84\xd0\xb5.\xd0\xa0\xd0\xb0\xd0\xb1\xd0\xbe\xd1\x82\xd0\xbd\xd0\xbe\xd1\x82\xd0\xbe \xd0\xb2\xd1\x80\xd0\xb5\xd0\xbc\xd0\xb5 \xd0\xb5 \xd0\xbd\xd0\xb0 \xd1\x81\xd0\xbc\xd0\xb5\xd0\xbd\xd0\xb8.\r\n\r\n\xd0\x9f\xd0\xbe\xd0\xbd\xd0\xb5\xd0\xb4\xd0\xb5\xd0\xbb\xd0\xbd\xd0\xb8\xd0\xba \xd0\xb4\xd0\xbe \xd0\xbf\xd0\xb5\xd1\x82\xd1\x8a\xd0\xba - \xd0\xbf\xd1\x8a\xd1\x80\xd0\xb2\xd0\xb0 --  \xd0\xbe\xd1\x82 07,00 \xd0\xb4\xd0\xbe 15,45  \r\n                                   \xd0\xb2\xd1\x82\xd0\xbe\xd1\x80\xd0\xb0---  \xd0\xbe\xd1\x82  09,15 \xd0\x94\xd0\x9e 18,30\r\n\xd0\xa1\xd1\x8a\xd0\xb1\xd0\xbe\xd1\x82\xd0\xb0: \xd0\xbe\xd1\x82 8,00 \xd0\xb4\xd0\xbe 14,00., \xd0\xba\xd0\xb0\xd1\x82\xd0\xbe \xd0\xb5\xd0\xb4\xd0\xbd\xd0\xb0 \xd1\x81\xd1\x8a\xd0\xb1\xd0\xbe\xd1\x82\xd0\xb0 \xd1\x81\xd0\xb5 \xd1\x80\xd0\xb0\xd0\xb1\xd0\xbe\xd1\x82\xd0\xb8, \xd0\xb5\xd0\xb4\xd0\xbd\xd0\xb0 \xd1\x81\xd0\xb5 \xd0\xbf\xd0\xbe\xd1\x87\xd0\xb8\xd0\xb2\xd0\xb0.\r\n\xd0\x9d\xd0\xb5\xd0\xb4\xd0\xb5\xd0\xbb\xd1\x8f - \xd0\xbf\xd0\xbe\xd1\x87\xd0\xb8\xd0\xb2\xd0\xb5\xd0\xbd \xd0\xb4\xd0\xb5\xd0\xbd\r\n\r\n\xd0\x97\xd0\xb0\xd0\xbf\xd0\xbb\xd0\xb0\xd1\x89\xd0\xb0\xd0\xbd\xd0\xb5: \xd1\x82\xd0\xb2\xd1\x8a\xd1\x80\xd0\xb4\xd0\xb0 \xd0\xb7\xd0\xb0\xd0\xbf\xd0\xbb\xd0\xb0\xd1\x82\xd0\xb0, + % \xd0\xbe\xd1\x82 \xd0\xbe\xd0\xb1\xd0\xbe\xd1\x80\xd0\xbe\xd1\x82\xd0\xb0. \xd0\xa2\xd1\x80\xd1\x83\xd0\xb4\xd0\xbe\xd0\xb2 \xd0\xb4\xd0\xbe\xd0\xb3\xd0\xbe\xd0\xb2\xd0\xbe\xd1\x80, \xd0\xbe\xd1\x81\xd0\xb8\xd0\xb3\xd1\x83\xd1\x80\xd0\xbe\xd0\xb2\xd0\xba\xd0\xb8.',
 'level': '\n\xd0\x9d\xd0\xb8\xd0\xb2\xd0\xbe:\n\n\n\xd0\xa1\xd0\xbb\xd1\x83\xd0\xb6\xd0\xb8\xd1\x82\xd0\xb5\xd0\xbb\xd0\xb8\n',
 'location': '\xd0\xa1\xd0\xbe\xd1\x84\xd0\xb8\xd1\x8f',
 'title': '\xd0\x91\xd0\xb0\xd1\x80\xd0\xbc\xd0\xb0\xd0\xbd/\xd0\xba\xd0\xb0',
 'type': '\n\xd0\x92\xd0\xb8\xd0\xb4 \xd1\x80\xd0\xb0\xd0\xb1\xd0\xbe\xd1\x82\xd0\xb0:\n\xd0\x9f\xd0\xbe\xd1\x81\xd1\x82\xd0\xbe\xd1\x8f\xd0\xbd\xd0\xbd\xd0\xb0 \xd1\x80\xd0\xb0\xd0\xb1\xd0\xbe\xd1\x82\xd0\xb0\n',
 'url': 'http://www.jobs.bg/f2934606',
 'work_grade': '\n\xd0\x92\xd0\xb8\xd0\xb4 \xd0\xb7\xd0\xb0\xd0\xb5\xd1\x82\xd0\xbe\xd1\x81\xd1\x82:\n\n\xd0\x9f\xd1\x8a\xd0\xbb\xd0\xbd\xd0\xbe \xd1\x80\xd0\xb0\xd0\xb1\xd0\xbe\xd1\x82\xd0\xbd\xd0\xbe \xd0\xb2\xd1\x80\xd0\xb5\xd0\xbc\xd0\xb5\n'}
2015-09-28 11:28:53 [scrapy] DEBUG: Crawled (200) <GET http://www.jobs.bg/f2934628> (referer: http://www.jobs.bg/front_job_search.php?first_search=1&all_cities=0&all_categories=0&all_type=0&all_position_level=1&all_company_type=1&keyword=)
2015-09-28 11:28:53 [scrapy] DEBUG: Scraped from <200 http://www.jobs.bg/f2934628>
{'advertiser': '\xd0\x95\xd1\x82\xd0\xb0\xd0\xb2\xd0\xb0 \xd0\xa2\xd1\x80\xd0\xb5\xd0\xb9\xd0\xb4\xd0\xb8\xd0\xbd\xd0\xb3 \xd0\x95\xd0\x9e\xd0\x9e\xd0\x94',
 'category': '\n\xd0\x9a\xd0\xb0\xd1\x82\xd0\xb5\xd0\xb3\xd0\xbe\xd1\x80\xd0\xb8\xd1\x8f:\n\n\n\xd0\xa2\xd1\x8a\xd1\x80\xd0\xb3\xd0\xbe\xd0\xb2\xd0\xb8\xd1\x8f, \xd0\x9f\xd1\x80\xd0\xbe\xd0\xb4\xd0\xb0\xd0\xb6\xd0\xb1\xd0\xb8 - \xd0\x9f\xd1\x80\xd0\xbe\xd0\xb4\xd0\xb0\xd0\xb2\xd0\xb0\xd1\x87\xd0\xb8 \xd0\xb8 \xd0\xbf\xd0\xbe\xd0\xbc\xd0\xbe\xd1\x89\xd0\xb5\xd0\xbd \xd0\xbf\xd0\xb5\xd1\x80\xd1\x81\xd0\xbe\xd0\xbd\xd0\xb0\xd0\xbb\n\n\n',
 'date': u'\u0414\u0430\u0442\u0430:28.09.2015',
 'description_requirements': '\xd0\xa1\xd0\xba\xd0\xbb\xd0\xb0\xd0\xb4\xd0\xbe\xd0\xb2\xd0\xb0 \xd0\xb1\xd0\xb0\xd0\xb7\xd0\xb0 \xd1\x81\xd1\x82\xd0\xbe\xd0\xba\xd0\xb8 \xd0\xb7\xd0\xb0 \xd0\xb1\xd0\xb8\xd1\x82\xd0\xb0 \xd1\x82\xd1\x8a\xd1\x80\xd1\x81\xd0\xb8 \xd1\x85\xd0\xbe\xd1\x80\xd0\xb0 \xd1\x81 \xd1\x83\xd0\xbc\xd0\xb5\xd0\xbd\xd0\xb8\xd1\x8f \xd0\xb7\xd0\xb0 \xd1\x80\xd0\xb0\xd0\xb1\xd0\xbe\xd1\x82\xd0\xb0 \xd0\xb2 \xd0\xb5\xd0\xba\xd0\xb8\xd0\xbf, \xd0\xb5\xd0\xbd\xd0\xb5\xd1\x80\xd0\xb3\xd0\xb8\xd1\x87\xd0\xbd\xd0\xbe\xd1\x81\xd1\x82 \xd0\xb8 \xd0\xbe\xd1\x80\xd0\xb3\xd0\xb0\xd0\xbd\xd0\xb8\xd0\xb7\xd0\xb8\xd1\x80\xd0\xb0\xd0\xbd\xd0\xbe\xd1\x81\xd1\x82. \xd0\x90\xd0\xba\xd0\xbe \xd0\xbf\xd1\x80\xd0\xbe\xd1\x8f\xd0\xb2\xd1\x8f\xd0\xb2\xd0\xb0\xd1\x82\xd0\xb5 \xd0\xb8\xd0\xbd\xd1\x82\xd0\xb5\xd1\x80\xd0\xb5\xd1\x81, \xd0\xbc\xd0\xbe\xd0\xbb\xd1\x8f \xd0\xba\xd0\xb0\xd0\xbd\xd0\xb4\xd0\xb8\xd0\xb4\xd0\xb0\xd1\x82\xd1\x81\xd1\x82\xd0\xb2\xd0\xb0\xd0\xb9\xd1\x82\xd0\xb5 \xd1\x81\xd1\x8a\xd1\x81 CV \xd1\x81 \xd0\xb0\xd0\xba\xd1\x82\xd1\x83\xd0\xb0\xd0\xbb\xd0\xbd\xd0\xb0 \xd1\x81\xd0\xbd\xd0\xb8\xd0\xbc\xd0\xba\xd0\xb0.\r\n\xd0\x9c\xd0\x95\xd0\xa1\xd0\xa2\xd0\x9e\xd0\xa0\xd0\x90\xd0\x91\xd0\x9e\xd0\xa2\xd0\x90:\r\n\xe2\x88\x99 \xd0\xb3\xd1\x80. \xd0\xa1\xd0\xbe\xd1\x84\xd0\xb8\xd1\x8f, \xd0\xb6-\xd0\xba \xd0\x97\xd0\xb0\xd1\x85\xd0\xb0\xd1\x80\xd0\xbd\xd0\xb0 \xd0\xa4\xd0\xb0\xd0\xb1\xd1\x80\xd0\xb8\xd0\xba\xd0\xb0, \xd1\x83\xd0\xbb. \xd0\x9a\xd1\x83\xd0\xba\xd1\x83\xd1\x88 1',
 'level': '\n\xd0\x9d\xd0\xb8\xd0\xb2\xd0\xbe:\n\n\n\xd0\xa1\xd0\xbb\xd1\x83\xd0\xb6\xd0\xb8\xd1\x82\xd0\xb5\xd0\xbb\xd0\xb8\n',
 'location': '\xd0\xa1\xd0\xbe\xd1\x84\xd0\xb8\xd1\x8f',
 'ref_no': u'pos67',
 'title': '\xd0\xa1\xd0\xba\xd0\xbb\xd0\xb0\xd0\xb4\xd0\xbe\xd0\xb2 \xd1\x80\xd0\xb0\xd0\xb1\xd0\xbe\xd1\x82\xd0\xbd\xd0\xb8\xd0\xba',
 'type': '\n\xd0\x92\xd0\xb8\xd0\xb4 \xd1\x80\xd0\xb0\xd0\xb1\xd0\xbe\xd1\x82\xd0\xb0:\n\xd0\x9f\xd0\xbe\xd1\x81\xd1\x82\xd0\xbe\xd1\x8f\xd0\xbd\xd0\xbd\xd0\xb0 \xd1\x80\xd0\xb0\xd0\xb1\xd0\xbe\xd1\x82\xd0\xb0\n',
 'url': 'http://www.jobs.bg/f2934628',
 'work_grade': '\n\xd0\x92\xd0\xb8\xd0\xb4 \xd0\xb7\xd0\xb0\xd0\xb5\xd1\x82\xd0\xbe\xd1\x81\xd1\x82:\n\n\xd0\x9f\xd1\x8a\xd0\xbb\xd0\xbd\xd0\xbe \xd1\x80\xd0\xb0\xd0\xb1\xd0\xbe\xd1\x82\xd0\xbd\xd0\xbe \xd0\xb2\xd1\x80\xd0\xb5\xd0\xbc\xd0\xb5\n'}
2015-09-28 11:28:57 [scrapy] DEBUG: Crawled (200) <GET http://www.jobs.bg/f2934646> (referer: http://www.jobs.bg/front_job_search.php?first_search=1&all_cities=0&all_categories=0&all_type=0&all_position_level=1&all_company_type=1&keyword=)
2015-09-28 11:28:57 [scrapy] DEBUG: Scraped from <200 http://www.jobs.bg/f2934646>
{'advertiser': '\xd0\x93\xd1\x80\xd0\xb0\xd0\xbd\xd0\xb4 \xd0\xa4\xd1\x83\xd1\x83\xd0\xb4\xd1\x81 \xd0\x9e\xd0\x9e\xd0\x94',
 'category': '\n\xd0\x9a\xd0\xb0\xd1\x82\xd0\xb5\xd0\xb3\xd0\xbe\xd1\x80\xd0\xb8\xd1\x8f:\n\n\n\xd0\xa2\xd1\x8a\xd1\x80\xd0\xb3\xd0\xbe\xd0\xb2\xd0\xb8\xd1\x8f, \xd0\x9f\xd1\x80\xd0\xbe\xd0\xb4\xd0\xb0\xd0\xb6\xd0\xb1\xd0\xb8 - \xd0\x9f\xd1\x80\xd0\xbe\xd0\xb4\xd0\xb0\xd0\xb2\xd0\xb0\xd1\x87\xd0\xb8 \xd0\xb8 \xd0\xbf\xd0\xbe\xd0\xbc\xd0\xbe\xd1\x89\xd0\xb5\xd0\xbd \xd0\xbf\xd0\xb5\xd1\x80\xd1\x81\xd0\xbe\xd0\xbd\xd0\xb0\xd0\xbb\n\n\n',
 'date': u'\u0414\u0430\u0442\u0430:28.09.2015',
 'description_requirements': '\xd0\xa4\xd0\xb8\xd1\x80\xd0\xbc\xd0\xb0 "Grand Foods" \xd1\x82\xd1\x8a\xd1\x80\xd1\x81\xd0\xb8 \xd0\xb4\xd0\xb0 \xd0\xbd\xd0\xb0\xd0\xb7\xd0\xbd\xd0\xb0\xd1\x87\xd0\xb8 \xd0\x9f\xd1\x80\xd0\xbe\xd0\xb4\xd0\xb0\xd0\xb2\xd0\xb0\xd1\x87-\xd0\x9a\xd0\xbe\xd0\xbd\xd1\x81\xd1\x83\xd0\xbb\xd1\x82\xd0\xb0\xd0\xbd\xd1\x82 \xd0\xb7\xd0\xb0 \xd0\xbc\xd0\xb0\xd0\xb3\xd0\xb0\xd0\xb7\xd0\xb8\xd0\xbd \xd0\xb7\xd0\xb0 \xd0\xbb\xd1\x83\xd0\xba\xd1\x81\xd0\xbe\xd0\xb7\xd0\xbd\xd0\xb8 \xd1\x85\xd1\x80\xd0\xb0\xd0\xbd\xd0\xb8 \xd0\xb8 \xd0\xbd\xd0\xb0\xd0\xbf\xd0\xb8\xd1\x82\xd0\xba\xd0\xb8. \r\n\r\n\r\n\xd0\x98\xd0\xb7\xd0\xb8\xd1\x81\xd0\xba\xd0\xb2\xd0\xb0\xd0\xbd\xd0\xb8\xd1\x8f: \r\n\r\n\xe2\x80\xa2\t\xd0\x94\xd0\xbe\xd0\xb1\xd1\x80\xd0\xb8 \xd0\xba\xd0\xbe\xd0\xbc\xd1\x83\xd0\xbd\xd0\xb8\xd0\xba\xd0\xb0\xd1\x82\xd0\xb8\xd0\xb2\xd0\xbd\xd0\xb8 \xd1\x83\xd0\xbc\xd0\xb5\xd0\xbd\xd0\xb8\xd1\x8f;\r\n\xe2\x80\xa2\t\xd0\x9e\xd1\x80\xd0\xb3\xd0\xb0\xd0\xbd\xd0\xb8\xd0\xb7\xd0\xb8\xd1\x80\xd0\xb0\xd0\xbd\xd0\xbe\xd1\x81\xd1\x82;\r\n\xe2\x80\xa2\t\xd0\x9f\xd1\x80\xd0\xb5\xd0\xb4\xd1\x81\xd1\x82\xd0\xb0\xd0\xb2\xd0\xb8\xd1\x82\xd0\xb5\xd0\xbb\xd0\xbd\xd0\xb0 \xd0\xb2\xd1\x8a\xd0\xbd\xd1\x88\xd0\xbd\xd0\xbe\xd1\x81\xd1\x82.\r\n\r\n\r\n\xd0\x9e\xd1\x87\xd0\xb0\xd0\xba\xd0\xb2\xd0\xb0\xd0\xbc\xd0\xb5 \xd0\x90\xd0\xb2\xd1\x82\xd0\xbe\xd0\xb1\xd0\xb8\xd0\xbe\xd0\xb3\xd1\x80\xd0\xb0\xd1\x84\xd0\xb8\xd1\x8f \xd0\xb8 \xd0\xb0\xd0\xba\xd1\x82\xd1\x83\xd0\xb0\xd0\xbb\xd0\xbd\xd0\xb0 \xd1\x81\xd0\xbd\xd0\xb8\xd0\xbc\xd0\xba\xd0\xb0. \xd0\xa1\xd0\xb0\xd0\xbc\xd0\xbe \xd0\xbe\xd0\xb4\xd0\xbe\xd0\xb1\xd1\x80\xd0\xb5\xd0\xbd\xd0\xb8\xd1\x82\xd0\xb5 \xd0\xbf\xd0\xbe \xd0\xb4\xd0\xbe\xd0\xba\xd1\x83\xd0\xbc\xd0\xb5\xd0\xbd\xd1\x82\xd0\xb8 \xd0\xba\xd0\xb0\xd0\xbd\xd0\xb4\xd0\xb8\xd0\xb4\xd0\xb0\xd1\x82\xd0\xb8 \xd1\x89\xd0\xb5 \xd0\xb1\xd1\x8a\xd0\xb4\xd0\xb0\xd1\x82 \xd0\xbf\xd0\xbe\xd0\xba\xd0\xb0\xd0\xbd\xd0\xb5\xd0\xbd\xd0\xb8 \xd0\xbd\xd0\xb0 \xd0\xb8\xd0\xbd\xd1\x82\xd0\xb5\xd1\x80\xd0\xb2\xd1\x8e.',
 'level': '\n\xd0\x9d\xd0\xb8\xd0\xb2\xd0\xbe:\n\n\n\xd0\xa1\xd0\xbb\xd1\x83\xd0\xb6\xd0\xb8\xd1\x82\xd0\xb5\xd0\xbb\xd0\xb8\n',
 'location': '\xd0\xa1\xd0\xbe\xd1\x84\xd0\xb8\xd1\x8f',
 'ref_no': u'SF 09',
 'title': '\xd0\x9f\xd1\x80\xd0\xbe\xd0\xb4\xd0\xb0\xd0\xb2\xd0\xb0\xd1\x87-\xd0\xba\xd0\xbe\xd0\xbd\xd1\x81\xd1\x83\xd0\xbb\xd1\x82\xd0\xb0\xd0\xbd\xd1\x82',
 'type': '\n\xd0\x92\xd0\xb8\xd0\xb4 \xd1\x80\xd0\xb0\xd0\xb1\xd0\xbe\xd1\x82\xd0\xb0:\n\xd0\x9f\xd0\xbe\xd1\x81\xd1\x82\xd0\xbe\xd1\x8f\xd0\xbd\xd0\xbd\xd0\xb0 \xd1\x80\xd0\xb0\xd0\xb1\xd0\xbe\xd1\x82\xd0\xb0\n',
 'url': 'http://www.jobs.bg/f2934646',
 'work_grade': '\n\xd0\x92\xd0\xb8\xd0\xb4 \xd0\xb7\xd0\xb0\xd0\xb5\xd1\x82\xd0\xbe\xd1\x81\xd1\x82:\n\n\xd0\x9f\xd1\x8a\xd0\xbb\xd0\xbd\xd0\xbe \xd1\x80\xd0\xb0\xd0\xb1\xd0\xbe\xd1\x82\xd0\xbd\xd0\xbe \xd0\xb2\xd1\x80\xd0\xb5\xd0\xbc\xd0\xb5\n'}
2015-09-28 11:29:00 [scrapy] DEBUG: Crawled (200) <GET http://www.jobs.bg/f2934661> (referer: http://www.jobs.bg/front_job_search.php?first_search=1&all_cities=0&all_categories=0&all_type=0&all_position_level=1&all_company_type=1&keyword=)
2015-09-28 11:29:00 [scrapy] DEBUG: Scraped from <200 http://www.jobs.bg/f2934661>
{'advertiser': 'Happy Bar & Grill',
 'category': '\n\xd0\x9a\xd0\xb0\xd1\x82\xd0\xb5\xd0\xb3\xd0\xbe\xd1\x80\xd0\xb8\xd1\x8f:\n\n\n\xd0\xa0\xd0\xb5\xd1\x81\xd1\x82\xd0\xbe\xd1\x80\xd0\xb0\xd0\xbd\xd1\x82\xd0\xb8, \xd0\x9a\xd0\xb5\xd1\x82\xd1\x8a\xd1\x80\xd0\xb8\xd0\xbd\xd0\xb3\n\n\n',
 'date': u'\u0414\u0430\u0442\u0430:28.09.2015',
 'description_requirements': '"Happy" \xd0\xb5 \xd0\xba\xd0\xbe\xd0\xbd\xd1\x86\xd0\xb5\xd0\xbf\xd1\x86\xd0\xb8\xd1\x8f, \xd0\xba\xd0\xbe\xd1\x8f\xd1\x82\xd0\xbe \xd1\x81\xd1\x8a\xd1\x87\xd0\xb5\xd1\x82\xd0\xb0\xd0\xb2\xd0\xb0 \xd0\xb0\xd0\xbc\xd0\xb5\xd1\x80\xd0\xb8\xd0\xba\xd0\xb0\xd0\xbd\xd1\x81\xd0\xba\xd0\xb8\xd1\x8f \xd0\xbe\xd0\xbf\xd0\xb8\xd1\x82 \xd0\xb2 \xd1\x80\xd0\xb5\xd1\x81\xd1\x82\xd0\xbe\xd1\x80\xd0\xb0\xd0\xbd\xd1\x82\xd1\x81\xd0\xba\xd0\xb8\xd1\x8f \xd0\xbc\xd0\xb5\xd0\xbd\xd0\xb8\xd0\xb4\xd0\xb6\xd0\xbc\xd1\x8a\xd0\xbd\xd1\x82 \xd0\xb8 \xd0\xb1\xd1\x8a\xd0\xbb\xd0\xb3\xd0\xb0\xd1\x80\xd1\x81\xd0\xba\xd0\xb8\xd1\x82\xd0\xb5 \xd0\xbf\xd1\x80\xd0\xb5\xd0\xb4\xd0\xbf\xd0\xbe\xd1\x87\xd0\xb8\xd1\x82\xd0\xb0\xd0\xbd\xd0\xb8\xd1\x8f \xd0\xba\xd1\x8a\xd0\xbc \xd0\xb2\xd0\xba\xd1\x83\xd1\x81\xd0\xb0, \xd0\xb2\xd0\xb8\xd0\xb4\xd0\xb0 \xd0\xbd\xd0\xb0 \xd1\x85\xd1\x80\xd0\xb0\xd0\xbd\xd0\xb0\xd1\x82\xd0\xb0 \xd0\xb8 \xd0\xbd\xd0\xb0\xd1\x87\xd0\xb8\xd0\xbd\xd0\xb0 \xd0\xbd\xd0\xb0 \xd1\x85\xd1\x80\xd0\xb0\xd0\xbd\xd0\xb5\xd0\xbd\xd0\xb5, \xd1\x81 \xd0\xbd\xd0\xb0\xd0\xb3\xd1\x80\xd0\xb0\xd0\xb4\xd0\xb0 \xd0\xbd\xd0\xb0 \xd0\x9c\xd0\xb5\xd0\xb6\xd0\xb4\xd1\x83\xd0\xbd\xd0\xb0\xd1\x80\xd0\xbe\xd0\xb4\xd0\xbd\xd0\xb0\xd1\x82\xd0\xb0 \xd1\x85\xd0\xbe\xd1\x82\xd0\xb5\xd0\xbb\xd0\xb8\xd0\xb5\xd1\x80\xd1\x81\xd0\xba\xd0\xb0 \xd0\xb8 \xd1\x80\xd0\xb5\xd1\x81\xd1\x82\xd0\xbe\xd1\x80\xd0\xb0\xd0\xbd\xd1\x82\xd1\x8c\xd0\xbe\xd1\x80\xd1\x81\xd0\xba\xd0\xb0 \xd0\xb0\xd1\x81\xd0\xbe\xd1\x86\xd0\xb8\xd0\xb0\xd1\x86\xd0\xb8\xd1\x8f \xd0\x98\xd0\xa5\xd0\xa0\xd0\x90 Crystal award 2010.\r\n\xd0\x97\xd0\xb0 20 \xd0\xb3\xd0\xbe\xd0\xb4\xd0\xb8\xd0\xbd\xd0\xb8 \xd0\xbe\xd0\xbf\xd0\xb8\xd1\x82 \xd0\xb8\xd0\xbc\xd0\xb0\xd0\xbc\xd0\xb5 28 \xd1\x80\xd0\xb5\xd1\x81\xd1\x82\xd0\xbe\xd1\x80\xd0\xb0\xd0\xbd\xd1\x82\xd0\xb0 \xd0\xb2 \xd0\x91\xd1\x8a\xd0\xbb\xd0\xb3\xd0\xb0\xd1\x80\xd0\xb8\xd1\x8f \xd0\xb8 \xd0\xb4\xd0\xb2\xd0\xb0 \xd0\xb2 \xd0\x91\xd0\xb0\xd1\x80\xd1\x81\xd0\xb5\xd0\xbb\xd0\xbe\xd0\xbd\xd0\xb0, \xd0\x98\xd1\x81\xd0\xbf\xd0\xb0\xd0\xbd\xd0\xb8\xd1\x8f.\r\n\xd0\x9a\xd0\xb0\xd0\xba\xd0\xb2\xd0\xbe \xd0\xbd\xd0\xb8 \xd0\xbf\xd1\x80\xd0\xb0\xd0\xb2\xd0\xb8 \xd1\x81\xd0\xbf\xd0\xb5\xd1\x86\xd0\xb8\xd0\xb0\xd0\xbb\xd0\xbd\xd0\xb8? \xd0\x9f\xd1\x80\xd0\xb8\xd1\x8f\xd1\x82\xd0\xb5\xd0\xbb\xd1\x81\xd0\xba\xd0\xb0\xd1\x82\xd0\xb0 \xd0\xb0\xd1\x82\xd0\xbc\xd0\xbe\xd1\x81\xd1\x84\xd0\xb5\xd1\x80\xd0\xb0, \xd1\x80\xd0\xb0\xd0\xb1\xd0\xbe\xd1\x82\xd0\xb0\xd1\x82\xd0\xb0 \xd0\xb2 \xd1\x82\xd1\x8f\xd1\x81\xd0\xbd\xd0\xbe \xd1\x81\xd1\x8a\xd1\x82\xd1\x80\xd1\x83\xd0\xb4\xd0\xbd\xd0\xb8\xd1\x87\xd0\xb5\xd1\x81\xd1\x82\xd0\xb2\xd0\xbe \xd0\xb8 \xd0\xbb\xd0\xb8\xd0\xbf\xd1\x81\xd0\xb0\xd1\x82\xd0\xb0 \xd0\xbd\xd0\xb0 \xd0\xb8\xd0\xb7\xd0\xbb\xd0\xb8\xd1\x88\xd0\xbd\xd0\xb8 \xd0\xbe\xd1\x84\xd0\xb8\xd1\x86\xd0\xb8\xd0\xb0\xd0\xbb\xd0\xbd\xd0\xbe\xd1\x81\xd1\x82\xd0\xb8 \xd1\x81\xd0\xb0 \xd0\xb2\xd0\xb8\xd1\x81\xd0\xbe\xd0\xba\xd0\xbe \xd1\x86\xd0\xb5\xd0\xbd\xd0\xb5\xd0\xbd\xd0\xb8 \xd0\xbe\xd1\x82 \xd1\x86\xd0\xb5\xd0\xbb\xd0\xb8\xd1\x8f \xd0\xbd\xd0\xb8 \xd0\xb5\xd0\xba\xd0\xb8\xd0\xbf.\r\n\xd0\x9a\xd0\xb0\xd0\xba \xd1\x81\xd0\xb5 \xd0\xb3\xd1\x80\xd0\xb8\xd0\xb6\xd0\xb8\xd0\xbc \xd0\xb7\xd0\xb0 \xd0\xbf\xd1\x80\xd0\xbe\xd1\x84\xd0\xb5\xd1\x81\xd0\xb8\xd0\xbe\xd0\xbd\xd0\xb0\xd0\xbb\xd0\xbd\xd0\xbe\xd1\x82\xd0\xbe \xd1\x80\xd0\xb0\xd0\xb7\xd0\xb2\xd0\xb8\xd1\x82\xd0\xb8\xd0\xb5 \xd0\xbd\xd0\xb0 \xd0\xbd\xd0\xb0\xd1\x88\xd0\xb8\xd1\x8f \xd0\xb5\xd0\xba\xd0\xb8\xd0\xbf? \xd0\x92\xd1\x81\xd0\xb8\xd1\x87\xd0\xba\xd0\xb8 \xd1\x81\xd0\xbb\xd1\x83\xd0\xb6\xd0\xb8\xd1\x82\xd0\xb5\xd0\xbb\xd0\xb8 \xd0\xbf\xd1\x80\xd0\xb5\xd0\xbc\xd0\xb8\xd0\xbd\xd0\xb0\xd0\xb2\xd0\xb0\xd1\x82 \xd0\xb2\xd1\x8a\xd0\xb2\xd0\xb5\xd0\xb6\xd0\xb4\xd0\xb0\xd1\x89\xd0\xbe \xd1\x84\xd0\xb8\xd1\x80\xd0\xbc\xd0\xb5\xd0\xbd\xd0\xbe \xd0\xbe\xd0\xb1\xd1\x83\xd1\x87\xd0\xb5\xd0\xbd\xd0\xb8\xd0\xb5 \xd0\xb8 \xd0\xbf\xd0\xb5\xd1\x80\xd0\xb8\xd0\xbe\xd0\xb4\xd0\xb8\xd1\x87\xd0\xbd\xd0\xb8 \xd0\xbe\xd0\xb1\xd1\x83\xd1\x87\xd0\xb5\xd0\xbd\xd0\xb8\xd1\x8f \xd0\xb2 \xd0\xbf\xd1\x80\xd0\xbe\xd1\x84\xd0\xb5\xd1\x81\xd0\xb8\xd0\xbe\xd0\xbd\xd0\xb0\xd0\xbb\xd0\xbd\xd0\xb0\xd1\x82\xd0\xb0 \xd0\xbe\xd0\xb1\xd0\xbb\xd0\xb0\xd1\x81\xd1\x82, \xd0\xb2 \xd0\xba\xd0\xbe\xd1\x8f\xd1\x82\xd0\xbe \xd1\x80\xd0\xb0\xd0\xb1\xd0\xbe\xd1\x82\xd1\x8f\xd1\x82.\r\n\xd0\x9a\xd0\xb0\xd0\xba\xd0\xb2\xd0\xb8 \xd0\xb2\xd1\x8a\xd0\xb7\xd0\xbc\xd0\xbe\xd0\xb6\xd0\xbd\xd0\xbe\xd1\x81\xd1\x82\xd0\xb8 \xd0\xb7\xd0\xb0 \xd1\x80\xd0\xb0\xd0\xb7\xd0\xb2\xd0\xb8\xd1\x82\xd0\xb8\xd0\xb5 \xd0\xbf\xd1\x80\xd0\xb5\xd0\xb4\xd0\xbb\xd0\xb0\xd0\xb3\xd0\xb0\xd0\xbc\xd0\xb5? \xd0\xa7\xd0\xb0\xd1\x81\xd1\x82 \xd0\xbe\xd1\x82 \xd1\x81\xd1\x82\xd1\x80\xd0\xb0\xd1\x82\xd0\xb5\xd0\xb3\xd0\xb8\xd1\x8f\xd1\x82\xd0\xb0 \xd0\xb7\xd0\xb0 \xd1\x83\xd0\xbf\xd1\x80\xd0\xb0\xd0\xb2\xd0\xbb\xd0\xb5\xd0\xbd\xd0\xb8\xd0\xb5 \xd0\xbd\xd0\xb0 \xd1\x87\xd0\xbe\xd0\xb2\xd0\xb5\xd1\x88\xd0\xba\xd0\xb8\xd1\x8f \xd0\xba\xd0\xb0\xd0\xbf\xd0\xb8\xd1\x82\xd0\xb0\xd0\xbb \xd0\xbd\xd0\xb0 \xd0\xba\xd0\xbe\xd0\xbc\xd0\xbf\xd0\xb0\xd0\xbd\xd0\xb8\xd1\x8f\xd1\x82\xd0\xb0 \xd0\xb2\xd0\xba\xd0\xbb\xd1\x8e\xd1\x87\xd0\xb2\xd0\xb0 \xd0\xb4\xd0\xb0 \xd1\x80\xd0\xb0\xd0\xb7\xd0\xb2\xd0\xb8\xd0\xb2\xd0\xb0\xd0\xbc\xd0\xb5 \xd1\x85\xd0\xbe\xd1\x80\xd0\xb0\xd1\x82\xd0\xb0, \xd0\xb4\xd0\xb0\xd0\xb2\xd0\xb0\xd0\xb9\xd0\xba\xd0\xb8 \xd0\xb8\xd0\xbc \xd0\xb2\xd1\x8a\xd0\xb7\xd0\xbc\xd0\xbe\xd0\xb6\xd0\xbd\xd0\xbe\xd1\x81\xd1\x82 \xd0\xb4\xd0\xb0 \xd0\xbd\xd0\xb0\xd0\xbc\xd0\xb5\xd1\x80\xd1\x8f\xd1\x82 \xd0\xbf\xd0\xbe\xd0\xb7\xd0\xb8\xd1\x86\xd0\xb8\xd1\x8f\xd1\x82\xd0\xb0, \xd0\xba\xd0\xbe\xd1\x8f\xd1\x82\xd0\xbe \xd0\xb5 \xd0\xbd\xd0\xb0\xd0\xb9-\xd0\xbf\xd0\xbe\xd0\xb4\xd1\x85\xd0\xbe\xd0\xb4\xd1\x8f\xd1\x89\xd0\xb0 \xd0\xb7\xd0\xb0 \xd1\x82\xd1\x8f\xd1\x85.\r\n\r\n\xd0\xa2\xd1\x8a\xd1\x80\xd1\x81\xd0\xb8\xd0\xbc \xd0\xb0\xd0\xbc\xd0\xb1\xd0\xb8\xd1\x86\xd0\xb8\xd0\xbe\xd0\xb7\xd0\xbd\xd0\xb8 \xd0\xb8 \xd0\xbf\xd1\x80\xd0\xb5\xd0\xb4\xd0\xbf\xd1\x80\xd0\xb8\xd0\xb5\xd0\xbc\xd1\x87\xd0\xb8\xd0\xb2\xd0\xb8 \xd1\x85\xd0\xbe\xd1\x80\xd0\xb0, \xd0\xba\xd0\xbe\xd0\xb8\xd1\x82\xd0\xbe \xd0\xb4\xd0\xb0 \xd1\x80\xd0\xb0\xd0\xb1\xd0\xbe\xd1\x82\xd1\x8f\xd1\x82 \xd0\xb2\xd1\x8a\xd0\xb2 \xd0\xb2\xd0\xb5\xd1\x80\xd0\xb8\xd0\xb3\xd0\xb0 \xd1\x80\xd0\xb5\xd1\x81\xd1\x82\xd0\xbe\xd1\x80\xd0\xb0\xd0\xbd\xd1\x82\xd0\xb8 "\xd0\xa5\xd0\xb5\xd0\xbf\xd0\xb8", \xd0\xba\xd0\xb0\xd1\x82\xd0\xbe:\r\n\r\n- \xd0\xa1\xd0\x95\xd0\xa0\xd0\x92\xd0\x98\xd0\xa2\xd0\xac\xd0\x9e\xd0\xa0/\xd0\x9a\xd0\x90 \xd0\x91\xd0\x95\xd0\x97 \xd0\x9e\xd0\x9f\xd0\x98\xd0\xa2;\r\n\r\n- \xd0\x9f\xd0\x9e\xd0\x9c.\xd0\xa1\xd0\x95\xd0\xa0\xd0\x92\xd0\x98\xd0\xa2\xd0\xac\xd0\x9e\xd0\xa0/\xd0\x9a\xd0\x90 (\xd0\xa0\xd0\xaa\xd0\x9d\xd0\xaa\xd0\xa0\xd0\x98) \xd0\x91\xd0\x95\xd0\x97 \xd0\x9e\xd0\x9f\xd0\x98\xd0\xa2;\r\n\r\n- \xd0\x9f\xd0\x9e\xd0\x9c.\xd0\x93\xd0\x9e\xd0\xa2\xd0\x92\xd0\x90\xd0\xa7\xd0\x98 \xd0\x91\xd0\x95\xd0\x97 \xd0\x9e\xd0\x9f\xd0\x98\xd0\xa2 -  \xd1\x82\xd0\xbe\xd0\xbf\xd0\xbb\xd0\xb0 \xd0\xb8 \xd1\x81\xd1\x82\xd1\x83\xd0\xb4\xd0\xb5\xd0\xbd\xd0\xb0 \xd0\xba\xd1\x83\xd1\x85\xd0\xbd\xd1\x8f, \xd1\x88\xd0\xbf\xd0\xb8\xd0\xba\xd0\xb5\xd1\x80, \xd0\xb1\xd0\xb0\xd1\x80\xd0\xb1\xd0\xb5\xd0\xba\xd1\x8e,\r\n\r\n\r\n\xd0\x9c\xd0\xbe\xd0\xbb\xd1\x8f, \xd0\xba\xd0\xb0\xd1\x82\xd0\xbe \xd0\xba\xd0\xb0\xd0\xbd\xd0\xb4\xd0\xb8\xd0\xb4\xd0\xb0\xd1\x82\xd1\x81\xd1\x82\xd0\xb2\xd0\xb0\xd1\x82\xd0\xb5, \xd0\xb4\xd0\xb0 \xd0\xbf\xd0\xbe\xd1\x81\xd0\xbe\xd1\x87\xd0\xb8\xd1\x82\xd0\xb5, \xd0\xbe\xd1\x82 \xd0\xba\xd0\xb0\xd0\xba\xd0\xb2\xd0\xb0 \xd0\xbf\xd0\xbe\xd0\xb7\xd0\xb8\xd1\x86\xd0\xb8\xd1\x8f \xd1\x81\xd0\xb5 \xd0\xb8\xd0\xbd\xd1\x82\xd0\xb5\xd1\x80\xd0\xb5\xd1\x81\xd1\x83\xd0\xb2\xd0\xb0\xd1\x82\xd0\xb5!!!\r\n\r\n\r\n\xd0\x98\xd0\xb7\xd0\xb8\xd1\x81\xd0\xba\xd0\xb2\xd0\xb0\xd0\xbd\xd0\xb8\xd1\x8f:\r\n\r\n\xe2\x80\xa2 \xd0\xa3\xd0\xbc\xd0\xb5\xd0\xbd\xd0\xb8\xd0\xb5 \xd0\xb7\xd0\xb0 \xd1\x80\xd0\xb0\xd0\xb1\xd0\xbe\xd1\x82\xd0\xb0 \xd0\xb2 \xd0\xb5\xd0\xba\xd0\xb8\xd0\xbf\r\n\xe2\x80\xa2 \xd0\xa3\xd0\xbc\xd0\xb5\xd0\xbd\xd0\xb8\xd0\xb5 \xd0\xb7\xd0\xb0 \xd1\x81\xd0\xb0\xd0\xbc\xd0\xbe\xd1\x81\xd1\x82\xd0\xbe\xd1\x8f\xd1\x82\xd0\xb5\xd0\xbb\xd0\xbd\xd0\xb0 \xd1\x80\xd0\xb0\xd0\xb1\xd0\xbe\xd1\x82\xd0\xb0\r\n\xe2\x80\xa2 \xd0\x95\xd0\xbd\xd0\xb5\xd1\x80\xd0\xb3\xd0\xb8\xd1\x87\xd0\xbd\xd0\xbe\xd1\x81\xd1\x82\r\n\xe2\x80\xa2 \xd0\x92\xd0\xbd\xd0\xb8\xd0\xbc\xd0\xb0\xd0\xbd\xd0\xb8\xd0\xb5 \xd0\xba\xd1\x8a\xd0\xbc \xd0\xb4\xd0\xb5\xd1\x82\xd0\xb0\xd0\xb9\xd0\xbb\xd0\xb0\r\n\xe2\x80\xa2 \xd0\xa3\xd1\x81\xd1\x82\xd0\xbe\xd0\xb9\xd1\x87\xd0\xb8\xd0\xb2\xd0\xbe\xd1\x81\xd1\x82 \xd0\xbd\xd0\xb0 \xd1\x81\xd1\x82\xd1\x80\xd0\xb5\xd1\x81\xd0\xbe\xd0\xb2\xd0\xb8 \xd1\x81\xd0\xb8\xd1\x82\xd1\x83\xd0\xb0\xd1\x86\xd0\xb8\xd0\xb8\r\n\xe2\x80\xa2 \xd0\xa2\xd1\x8a\xd1\x80\xd0\xbf\xd0\xb5\xd0\xbd\xd0\xb8\xd0\xb5\r\n\xe2\x80\xa2 \xd0\x9e\xd1\x80\xd0\xb3\xd0\xb0\xd0\xbd\xd0\xb8\xd0\xb7\xd0\xb8\xd1\x80\xd0\xb0\xd0\xbd\xd0\xbe\xd1\x81\xd1\x82\r\n\xe2\x80\xa2 \xd0\x9c\xd0\xbe\xd1\x82\xd0\xb8\xd0\xb2\xd0\xb0\xd1\x86\xd0\xb8\xd1\x8f \xd0\xb7\xd0\xb0 \xd1\x80\xd0\xb0\xd0\xb1\xd0\xbe\xd1\x82\xd0\xb0\r\n\r\n\xd0\x9d\xd0\xb0\xd1\x88\xd0\xb5\xd1\x82\xd0\xbe \xd0\xbf\xd1\x80\xd0\xb5\xd0\xb4\xd0\xbb\xd0\xbe\xd0\xb6\xd0\xb5\xd0\xbd\xd0\xb8\xd0\xb5:\r\n\r\n\xe2\x80\xa2 \xd0\xa4\xd0\xb8\xd1\x80\xd0\xbc\xd0\xb5\xd0\xbd\xd0\xbe \xd0\xbe\xd0\xb1\xd1\x83\xd1\x87\xd0\xb5\xd0\xbd\xd0\xb8\xd0\xb8\xd0\xb5\r\n\xe2\x80\xa2 \xd0\xa0\xd0\xb0\xd0\xb1\xd0\xbe\xd1\x82\xd0\xb0 \xd0\xbd\xd0\xb0 \xd1\x81\xd0\xbc\xd0\xb5\xd0\xbd\xd0\xb8\r\n\xe2\x80\xa2 \xd0\x90\xd1\x82\xd1\x80\xd0\xb0\xd0\xba\xd1\x82\xd0\xb8\xd0\xb2\xd0\xbd\xd0\xbe \xd0\xb8 \xd1\x80\xd0\xb5\xd0\xb4\xd0\xbe\xd0\xb2\xd0\xbd\xd0\xbe \xd0\xb7\xd0\xb0\xd0\xbf\xd0\xbb\xd0\xb0\xd1\x89\xd0\xb0\xd0\xbd\xd0\xb5 \xd1\x81\xd0\xbf\xd0\xbe\xd1\x80\xd0\xb5\xd0\xb4 \xd0\xbb\xd0\xb8\xd1\x87\xd0\xbd\xd0\xb8\xd1\x82\xd0\xb5 \xd0\x92\xd0\xb8 \xd1\x80\xd0\xb5\xd0\xb7\xd1\x83\xd0\xbb\xd1\x82\xd0\xb0\xd1\x82\xd0\xb8\r\n\xe2\x80\xa2 \xd0\xa0\xd0\xb0\xd0\xb1\xd0\xbe\xd1\x82\xd0\xb0 \xd0\xb2 \xd1\x80\xd0\xb5\xd0\xb0\xd0\xbb\xd0\xbd\xd0\xb0, \xd0\xb4\xd0\xb8\xd0\xbd\xd0\xb0\xd0\xbc\xd0\xb8\xd1\x87\xd0\xbd\xd0\xb0 \xd1\x81\xd1\x80\xd0\xb5\xd0\xb4\xd0\xb0 \xd1\x81\xd1\x80\xd0\xb5\xd0\xb4 \xd0\xbc\xd0\xbb\xd0\xb0\xd0\xb4 \xd0\xb5\xd0\xba\xd0\xb8\xd0\xbf\r\n\xe2\x80\xa2 60% \xd0\xbd\xd0\xb0\xd0\xbc\xd0\xb0\xd0\xbb\xd0\xb5\xd0\xbd\xd0\xb8\xd0\xb5 \xd0\xbd\xd0\xb0 \xd1\x85\xd1\x80\xd0\xb0\xd0\xbd\xd0\xb0\xd1\x82\xd0\xb0 \xd0\xb2 \xd1\x80\xd0\xb5\xd1\x81\xd1\x82\xd0\xbe\xd1\x80\xd0\xb0\xd0\xbd\xd1\x82\xd0\xb0\r\n\xe2\x80\xa2 \xd0\x92\xd1\x8a\xd0\xb7\xd0\xbc\xd0\xbe\xd0\xb6\xd0\xbd\xd0\xbe\xd1\x81\xd1\x82 \xd0\xb7\xd0\xb0 \xd1\x80\xd0\xb0\xd0\xb7\xd0\xb2\xd0\xb8\xd1\x82\xd0\xb8\xd0\xb5\r\n\r\n\r\n\xd0\x90\xd0\xba\xd0\xbe \xd0\xbf\xd1\x80\xd0\xbe\xd1\x8f\xd0\xb2\xd1\x8f\xd0\xb2\xd0\xb0\xd1\x82\xd0\xb5 \xd0\xb8\xd0\xbd\xd1\x82\xd0\xb5\xd1\x80\xd0\xb5\xd1\x81 \xd0\xba\xd0\xb0\xd0\xbd\xd0\xb4\xd0\xb8\xd0\xb4\xd0\xb0\xd1\x82\xd1\x81\xd1\x82\xd0\xb2\xd0\xb0\xd0\xb9\xd1\x82\xd0\xb5 \xd1\x81 \xd0\xb0\xd0\xb2\xd1\x82\xd0\xbe\xd0\xb1\xd0\xb8\xd0\xbe\xd0\xb3\xd1\x80\xd0\xb0\xd1\x84\xd0\xb8\xd1\x8f \xd1\x81 \xd0\xb0\xd0\xba\xd1\x82\xd1\x83\xd0\xb0\xd0\xbb\xd0\xbd\xd0\xb0 \xd1\x81\xd0\xbd\xd0\xb8\xd0\xbc\xd0\xba\xd0\xb0.\r\n\xd0\xa9\xd0\xb5 \xd1\x81\xd0\xb5 \xd1\x81\xd0\xb2\xd1\x8a\xd1\x80\xd0\xb6\xd0\xb5\xd0\xbc \xd1\x81\xd0\xb0\xd0\xbc\xd0\xbe \xd1\x81 \xd0\xbe\xd0\xb4\xd0\xbe\xd0\xb1\xd1\x80\xd0\xb5\xd0\xbd\xd0\xb8\xd1\x82\xd0\xb5 \xd0\xb7\xd0\xb0 \xd0\xb8\xd0\xbd\xd1\x82\xd0\xb5\xd1\x80\xd0\xb2\xd1\x8e \xd0\xba\xd0\xb0\xd0\xbd\xd0\xb4\xd0\xb8\xd0\xb4\xd0\xb0\xd1\x82\xd0\xb8.\r\n\xd0\x92\xd1\x81\xd0\xb8\xd1\x87\xd0\xba\xd0\xb8 \xd0\xba\xd0\xb0\xd0\xbd\xd0\xb4\xd0\xb8\xd0\xb4\xd0\xb0\xd1\x82\xd1\x83\xd1\x80\xd0\xb8 \xd1\x89\xd0\xb5 \xd0\xb1\xd1\x8a\xd0\xb4\xd0\xb0\xd1\x82 \xd1\x80\xd0\xb0\xd0\xb7\xd0\xb3\xd0\xbb\xd0\xb5\xd0\xb6\xd0\xb4\xd0\xb0\xd0\xbd\xd0\xb8 \xd0\xbf\xd1\x80\xd0\xb8 \xd0\xbf\xd1\x8a\xd0\xbb\xd0\xbd\xd0\xb0 \xd0\xba\xd0\xbe\xd0\xbd\xd1\x84\xd0\xb8\xd0\xb4\xd0\xb5\xd0\xbd\xd1\x86\xd0\xb8\xd0\xb0\xd0\xbb\xd0\xbd\xd0\xbe\xd1\x81\xd1\x82.',
 'level': '\n\xd0\x9d\xd0\xb8\xd0\xb2\xd0\xbe:\n\n\n\xd0\xa1\xd0\xbb\xd1\x83\xd0\xb6\xd0\xb8\xd1\x82\xd0\xb5\xd0\xbb\xd0\xb8\n',
 'location': '\xd0\xa1\xd0\xbe\xd1\x84\xd0\xb8\xd1\x8f',
 'ref_no': u'G',
 'title': '\xd0\x9f\xd0\x95\xd0\xa0\xd0\xa1\xd0\x9e\xd0\x9d\xd0\x90\xd0\x9b \xd0\x97\xd0\x90 \xd0\xa0\xd0\x95\xd0\xa1\xd0\xa2\xd0\x9e\xd0\xa0\xd0\x90\xd0\x9d\xd0\xa2',
 'type': '\n\xd0\x92\xd0\xb8\xd0\xb4 \xd1\x80\xd0\xb0\xd0\xb1\xd0\xbe\xd1\x82\xd0\xb0:\n\xd0\x9f\xd0\xbe\xd1\x81\xd1\x82\xd0\xbe\xd1\x8f\xd0\xbd\xd0\xbd\xd0\xb0 \xd1\x80\xd0\xb0\xd0\xb1\xd0\xbe\xd1\x82\xd0\xb0\n',
 'url': 'http://www.jobs.bg/f2934661',
 'work_grade': '\n\xd0\x92\xd0\xb8\xd0\xb4 \xd0\xb7\xd0\xb0\xd0\xb5\xd1\x82\xd0\xbe\xd1\x81\xd1\x82:\n\n\xd0\x9f\xd1\x8a\xd0\xbb\xd0\xbd\xd0\xbe \xd1\x80\xd0\xb0\xd0\xb1\xd0\xbe\xd1\x82\xd0\xbd\xd0\xbe \xd0\xb2\xd1\x80\xd0\xb5\xd0\xbc\xd0\xb5\n'}
2015-09-28 11:29:03 [scrapy] DEBUG: Crawled (200) <GET http://www.jobs.bg/f2907829> (referer: http://www.jobs.bg/front_job_search.php?first_search=1&all_cities=0&all_categories=0&all_type=0&all_position_level=1&all_company_type=1&keyword=)
2015-09-28 11:29:03 [scrapy] DEBUG: Scraped from <200 http://www.jobs.bg/f2907829>
{'advertiser': '\xd0\x91\xd0\x9e\xd0\x94\xd0\x98\xd0\x9d\xd0\x9e\xd0\xa0 \xd0\x95\xd0\x9e\xd0\x9e\xd0\x94',
 'category': '\n\xd0\x9a\xd0\xb0\xd1\x82\xd0\xb5\xd0\xb3\xd0\xbe\xd1\x80\xd0\xb8\xd1\x8f:\n\n\n\xd0\xa2\xd1\x8a\xd1\x80\xd0\xb3\xd0\xbe\xd0\xb2\xd0\xb8\xd1\x8f, \xd0\x9f\xd1\x80\xd0\xbe\xd0\xb4\xd0\xb0\xd0\xb6\xd0\xb1\xd0\xb8 - \xd0\x9f\xd1\x80\xd0\xbe\xd0\xb4\xd0\xb0\xd0\xb2\xd0\xb0\xd1\x87\xd0\xb8 \xd0\xb8 \xd0\xbf\xd0\xbe\xd0\xbc\xd0\xbe\xd1\x89\xd0\xb5\xd0\xbd \xd0\xbf\xd0\xb5\xd1\x80\xd1\x81\xd0\xbe\xd0\xbd\xd0\xb0\xd0\xbb\n\n\n',
 'date': u'\u0414\u0430\u0442\u0430:28.09.2015',
 'description_requirements': '\xd0\xa1\xd1\x83\xd0\xbf\xd0\xb5\xd1\x80\xd0\xbc\xd0\xb0\xd1\x80\xd0\xba\xd0\xb5\xd1\x82 \xd0\xbd\xd0\xb0\xd0\xbc\xd0\xb8\xd1\x80\xd0\xb0\xd1\x89 \xd1\x81\xd0\xb5 \xd0\xb2  \xd0\xb6.\xd0\xba. \xd0\xa0\xd0\xb0\xd0\xb7\xd1\x81\xd0\xb0\xd0\xb4\xd0\xbd\xd0\xb8\xd0\xba\xd0\xb0 \xd1\x82\xd1\x8a\xd1\x80\xd1\x81\xd0\xb8 \xd0\xb4\xd0\xb0 \xd0\xbd\xd0\xb0\xd0\xb7\xd0\xbd\xd0\xb0\xd1\x87\xd0\xb8 \xd0\xbf\xd1\x80\xd0\xbe\xd0\xb4\xd0\xb0\xd0\xb2\xd0\xb0\xd1\x87 \xd0\xba\xd0\xbe\xd0\xbd\xd1\x81\xd1\x83\xd0\xbb\xd1\x82\xd0\xb0\xd0\xbd\xd1\x82\xd0\xb8 \r\n- \xd1\x89\xd0\xb0\xd0\xbd\xd0\xb4  \xd1\x82\xd0\xbe\xd0\xbf\xd0\xbb\xd0\xb0 \xd1\x82\xd0\xbe\xd1\x87\xd0\xba\xd0\xb0\r\n- \xd1\x82\xd1\x8a\xd1\x80\xd0\xb3\xd0\xbe\xd0\xb2\xd1\x81\xd0\xba\xd0\xb0 \xd0\xb7\xd0\xb0\xd0\xbb\xd0\xb0\r\n- \xd0\xba\xd0\xb0\xd1\x81\xd0\xb8\xd0\xb5\xd1\x80\xd0\xb8\r\n\xd0\x9e\xd0\xa1\xd0\x9d\xd0\x9e\xd0\x92\xd0\x9d\xd0\x98 \xd0\x97\xd0\x90\xd0\x94\xd0\xaa\xd0\x9b\xd0\x96\xd0\x95\xd0\x9d\xd0\x98\xd0\xaf:\r\n - \xd0\xa1\xd0\xbe\xd1\x80\xd1\x82\xd0\xb8\xd1\x80\xd0\xb0\xd0\xbd\xd0\xb5 \xd0\xb8 \xd0\xb0\xd1\x80\xd0\xb0\xd0\xbd\xd0\xb6\xd0\xb8\xd1\x80\xd0\xb0\xd0\xbd\xd0\xb5 \xd0\xbd\xd0\xb0 \xd1\x81\xd1\x82\xd0\xbe\xd0\xba\xd0\xb8\xd1\x82\xd0\xb5 \xd0\xb2 \xd1\x82\xd1\x8a\xd1\x80\xd0\xb3\xd0\xbe\xd0\xb2\xd1\x81\xd0\xba\xd0\xb8\xd1\x82\xd0\xb5 \xd0\xb2\xd0\xb8\xd1\x82\xd1\x80\xd0\xb8\xd0\xbd\xd0\xb8\r\n - \xd0\x9e\xd1\x82\xd0\xb3\xd0\xbe\xd0\xb2\xd0\xbe\xd1\x80\xd0\xbd\xd0\xbe\xd1\x81\xd1\x82 \xd0\xb7\xd0\xb0 \xd1\x81\xd1\x8a\xd1\x85\xd1\x80\xd0\xb0\xd0\xbd\xd0\xb5\xd0\xbd\xd0\xb8\xd0\xb5\xd1\x82\xd0\xbe \xd0\xb8 \xd0\xbf\xd0\xbe\xd0\xb4\xd1\x80\xd0\xb5\xd0\xb6\xd0\xb4\xd0\xb0\xd0\xbd\xd0\xb5\xd1\x82\xd0\xbe \xd0\xbd\xd0\xb0 \xd1\x81\xd1\x82\xd0\xbe\xd0\xba\xd0\xb0\xd1\x82\xd0\xb0 \xd0\xb2 \xd1\x81\xd0\xba\xd0\xbb\xd0\xb0\xd0\xb4\xd0\xb0 \xd0\xb8 \xd1\x82\xd1\x8a\xd1\x80\xd0\xb3\xd0\xbe\xd0\xb2\xd1\x81\xd0\xba\xd0\xb0\xd1\x82\xd0\xb0 \xd0\xb7\xd0\xb0\xd0\xbb\xd0\xb0\r\n - \xd0\xa1\xd0\xbb\xd0\xb5\xd0\xb4\xd0\xb5\xd0\xbd\xd0\xb5 \xd0\xbd\xd0\xb0 \xd1\x81\xd1\x80\xd0\xbe\xd0\xba\xd0\xbe\xd0\xb2\xd0\xb5\xd1\x82\xd0\xb5 \xd0\xbd\xd0\xb0 \xd0\xb3\xd0\xbe\xd0\xb4\xd0\xbd\xd0\xbe\xd1\x81\xd1\x82 \xd0\xbd\xd0\xb0 \xd1\x81\xd1\x82\xd0\xbe\xd0\xba\xd0\xb8\xd1\x82\xd0\xb5\r\n - \xd0\xa1\xd0\xbf\xd0\xb0\xd0\xb7\xd0\xb2\xd0\xb0 \xd0\xbf\xd1\x80\xd0\xb0\xd0\xb2\xd0\xb8\xd0\xbb\xd0\xb0\xd1\x82\xd0\xb0 \xd0\xb7\xd0\xb0 \xd1\x85\xd0\xb8\xd0\xb3\xd0\xb8\xd0\xb5\xd0\xbd\xd0\xb0 \xd0\xbd\xd0\xb0 \xd1\x80\xd0\xb0\xd0\xb1\xd0\xbe\xd1\x82\xd0\xbd\xd0\xbe\xd1\x82\xd0\xbe \xd0\xbc\xd1\x8f\xd1\x81\xd1\x82\xd0\xbe\r\n - \xd0\x9b\xd1\x8e\xd0\xb1\xd0\xb5\xd0\xb7\xd0\xbd\xd0\xbe \xd0\xbe\xd1\x82\xd0\xbd\xd0\xbe\xd1\x88\xd0\xb5\xd0\xbd\xd0\xb8\xd0\xb5 \xd0\xba\xd1\x8a\xd0\xbc \xd0\xba\xd0\xbb\xd0\xb8\xd0\xb5\xd0\xbd\xd1\x82\xd0\xb8\xd1\x82\xd0\xb5\r\n \r\n\xd0\x98\xd0\x97\xd0\x98\xd0\xa1\xd0\x9a\xd0\x92\xd0\x90\xd0\x9d\xd0\x98\xd0\xaf \xd0\x9a\xd0\xaa\xd0\x9c \xd0\x9a\xd0\x90\xd0\x9d\xd0\x94\xd0\x98\xd0\x94\xd0\x90\xd0\xa2\xd0\x98\xd0\xa2\xd0\x95:\r\n - \xd0\xa1\xd1\x80\xd0\xb5\xd0\xb4\xd0\xbd\xd0\xbe \xd0\xbe\xd0\xb1\xd1\x80\xd0\xb0\xd0\xb7\xd0\xbe\xd0\xb2\xd0\xb0\xd0\xbd\xd0\xb8\xd0\xb5\r\n - \xd0\xa3\xd0\xbc\xd0\xb5\xd0\xbd\xd0\xb8\xd1\x8f \xd0\xb7\xd0\xb0 \xd1\x80\xd0\xb0\xd0\xb1\xd0\xbe\xd1\x82\xd0\xb0 \xd0\xb2 \xd0\xb5\xd0\xba\xd0\xb8\xd0\xbf\r\n - \xd0\x9a\xd0\xbe\xd0\xbc\xd1\x83\xd0\xbd\xd0\xb8\xd0\xba\xd0\xb0\xd1\x82\xd0\xb8\xd0\xb2\xd0\xbd\xd0\xbe\xd1\x81\xd1\x82 \xd0\xb8 \xd0\xb0\xd0\xbd\xd0\xb3\xd0\xb0\xd0\xb6\xd0\xb8\xd1\x80\xd0\xb0\xd0\xbd\xd0\xbe\xd1\x81\xd1\x82 \xd0\xba\xd1\x8a\xd0\xbc \xd1\x80\xd0\xb0\xd0\xb1\xd0\xbe\xd1\x82\xd0\xb0\xd1\x82\xd0\xb0.\r\n - \xd0\xa1\xd0\xb0\xd0\xbc\xd0\xbe\xd0\xb4\xd0\xb8\xd1\x81\xd1\x86\xd0\xb8\xd0\xbf\xd0\xbb\xd0\xb8\xd0\xbd\xd0\xb0 \xd0\xb8 \xd0\xbe\xd1\x80\xd0\xb3\xd0\xb0\xd0\xbd\xd0\xb8\xd0\xb7\xd0\xb8\xd1\x80\xd0\xb0\xd0\xbd\xd0\xbe\xd1\x81\xd1\x82\r\n \r\n\r\n\xd0\x9d\xd0\x98\xd0\x95 \xd0\x92\xd0\x98 \xd0\x9f\xd0\xa0\xd0\x95\xd0\x94\xd0\x9b\xd0\x90\xd0\x93\xd0\x90\xd0\x9c\xd0\x95:\r\n - \xd0\x94\xd1\x8a\xd0\xbb\xd0\xb3\xd0\xbe\xd1\x81\xd1\x80\xd0\xbe\xd1\x87\xd0\xbd\xd0\xb0 \xd0\xb7\xd0\xb0\xd0\xb5\xd1\x82\xd0\xbe\xd1\x81\xd1\x82\r\n - \xd0\x9a\xd0\xbe\xd1\x80\xd0\xb5\xd0\xba\xd1\x82\xd0\xbd\xd0\xbe\xd1\x81\xd1\x82 \xd0\xbd\xd0\xb0 \xd0\xb7\xd0\xb0\xd0\xbf\xd0\xbb\xd0\xb0\xd1\x89\xd0\xb0\xd0\xbd\xd0\xb5\xd1\x82\xd0\xbe\r\n - \xd0\x9c\xd0\xbd\xd0\xbe\xd0\xb3\xd0\xbe \xd0\x93\xd1\x8a\xd0\xb2\xd0\xba\xd0\xb0\xd0\xb2\xd0\xbe \xd1\x80\xd0\xb0\xd0\xb1\xd0\xbe\xd1\x82\xd0\xbd\xd0\xbe\xd1\x82\xd0\xbe \xd0\xb2\xd1\x80\xd0\xb5\xd0\xbc\xd0\xb5 - \xd0\xbd\xd0\xb0 \xd1\x81\xd0\xbc\xd0\xb5\xd0\xbd\xd0\xb8\r\n - \xd0\x98\xd0\xbd\xd1\x82\xd0\xb5\xd0\xbd\xd0\xb7\xd0\xb8\xd0\xb2\xd0\xbd\xd0\xbe \xd0\xb2\xd1\x8a\xd0\xb2\xd0\xb5\xd0\xb6\xd0\xb4\xd0\xb0\xd1\x89\xd0\xbe \xd0\xbe\xd0\xb1\xd1\x83\xd1\x87\xd0\xb5\xd0\xbd\xd0\xb8\xd0\xb5\r\n - \xd0\x92\xd1\x8a\xd0\xb7\xd0\xbc\xd0\xbe\xd0\xb6\xd0\xbd\xd0\xbe\xd1\x81\xd1\x82\xd0\xb8 \xd0\xb7\xd0\xb0 \xd0\xbf\xd1\x80\xd0\xbe\xd1\x84\xd0\xb5\xd1\x81\xd0\xb8\xd0\xbe\xd0\xbd\xd0\xb0\xd0\xbb\xd0\xbd\xd0\xbe \xd0\xb8\xd0\xb7\xd1\x80\xd0\xb0\xd1\x81\xd1\x82\xd0\xb2\xd0\xb0\xd0\xbd\xd0\xb5',
 'level': '\n\xd0\x9d\xd0\xb8\xd0\xb2\xd0\xbe:\n\n\n\xd0\xa1\xd0\xbb\xd1\x83\xd0\xb6\xd0\xb8\xd1\x82\xd0\xb5\xd0\xbb\xd0\xb8\n',
 'location': '\xd0\xa1\xd0\xbe\xd1\x84\xd0\xb8\xd1\x8f',
 'ref_no': u'003',
 'title': '\xd0\x9f\xd0\xb5\xd1\x80\xd1\x81\xd0\xbe\xd0\xbd\xd0\xb0\xd0\xbb \xd0\xb7\xd0\xb0 \xd1\x81\xd1\x83\xd0\xbf\xd0\xb5\xd1\x80\xd0\xbc\xd0\xb0\xd1\x80\xd0\xba\xd0\xb5\xd1\x82 \xd0\xb6.\xd0\xba. \xd0\xa0\xd0\xb0\xd0\xb7\xd1\x81\xd0\xb0\xd0\xb4\xd0\xbd\xd0\xb8\xd0\xba\xd0\xb0',
 'type': '\n\xd0\x92\xd0\xb8\xd0\xb4 \xd1\x80\xd0\xb0\xd0\xb1\xd0\xbe\xd1\x82\xd0\xb0:\n\xd0\x9f\xd0\xbe\xd1\x81\xd1\x82\xd0\xbe\xd1\x8f\xd0\xbd\xd0\xbd\xd0\xb0 \xd1\x80\xd0\xb0\xd0\xb1\xd0\xbe\xd1\x82\xd0\xb0\n',
 'url': 'http://www.jobs.bg/f2907829',
 'work_grade': '\n\xd0\x92\xd0\xb8\xd0\xb4 \xd0\xb7\xd0\xb0\xd0\xb5\xd1\x82\xd0\xbe\xd1\x81\xd1\x82:\n\n\xd0\x9f\xd1\x8a\xd0\xbb\xd0\xbd\xd0\xbe \xd1\x80\xd0\xb0\xd0\xb1\xd0\xbe\xd1\x82\xd0\xbd\xd0\xbe \xd0\xb2\xd1\x80\xd0\xb5\xd0\xbc\xd0\xb5\n'}
2015-09-28 11:29:07 [scrapy] DEBUG: Crawled (200) <GET http://www.jobs.bg/f2934720> (referer: http://www.jobs.bg/front_job_search.php?first_search=1&all_cities=0&all_categories=0&all_type=0&all_position_level=1&all_company_type=1&keyword=)
2015-09-28 11:29:07 [jobsSpider] INFO: Job http://www.jobs.bg/f2934720 - ref_no does not exist
2015-09-28 11:29:07 [scrapy] DEBUG: Scraped from <200 http://www.jobs.bg/f2934720>
{'advertiser': '\xd0\xa2\xd0\xb5\xd0\xba\xd1\x81\xd0\xb0\xd1\x81 \xd0\xa7\xd0\xb8\xd0\xba\xd1\x8a\xd0\xbd / \xd0\xa1\xd0\x98\xd0\x9d\xd0\x95\xd0\x9c\xd0\x90 \xd0\x95\xd0\x9d\xd0\xa2\xd0\xaa\xd0\xa0\xd0\xa2\xd0\x95\xd0\x99\xd0\x9d\xd0\x9c\xd0\xaa\xd0\x9d\xd0\xa2 \xd0\x95\xd0\x9e\xd0\x9e\xd0\x94',
 'category': '\n\xd0\x9a\xd0\xb0\xd1\x82\xd0\xb5\xd0\xb3\xd0\xbe\xd1\x80\xd0\xb8\xd1\x8f:\n\n\n\xd0\xa0\xd0\xb5\xd1\x81\xd1\x82\xd0\xbe\xd1\x80\xd0\xb0\xd0\xbd\xd1\x82\xd0\xb8, \xd0\x9a\xd0\xb5\xd1\x82\xd1\x8a\xd1\x80\xd0\xb8\xd0\xbd\xd0\xb3,\n\xd0\xa2\xd1\x8a\xd1\x80\xd0\xb3\xd0\xbe\xd0\xb2\xd0\xb8\xd1\x8f, \xd0\x9f\xd1\x80\xd0\xbe\xd0\xb4\xd0\xb0\xd0\xb6\xd0\xb1\xd0\xb8 - \xd0\x9f\xd1\x80\xd0\xbe\xd0\xb4\xd0\xb0\xd0\xb2\xd0\xb0\xd1\x87\xd0\xb8 \xd0\xb8 \xd0\xbf\xd0\xbe\xd0\xbc\xd0\xbe\xd1\x89\xd0\xb5\xd0\xbd \xd0\xbf\xd0\xb5\xd1\x80\xd1\x81\xd0\xbe\xd0\xbd\xd0\xb0\xd0\xbb\n\n\n',
 'date': u'\u0414\u0430\u0442\u0430:28.09.2015',
 'description_requirements': '\xd0\x9e\xd1\x82 2010\xd0\xb3. "\xd0\xa1\xd0\xb8\xd0\xbd\xd0\xb5\xd0\xbc\xd0\xb0 \xd0\x95\xd0\xbd\xd1\x82\xd1\x8a\xd1\x80\xd1\x82\xd0\xb5\xd0\xb9\xd0\xbd\xd0\xbc\xd1\x8a\xd0\xbd\xd1\x82\xe2\x80\x9d \xd0\x95\xd0\x9e\xd0\x9e\xd0\x94 \xd0\xbf\xd1\x80\xd0\xb5\xd0\xb4\xd1\x81\xd1\x82\xd0\xb0\xd0\xb2\xd1\x8f \xd1\x81\xd0\xb2\xd0\xb5\xd1\x82\xd0\xbe\xd0\xb2\xd0\xbd\xd0\xbe\xd0\xb8\xd0\xb7\xd0\xb2\xd0\xb5\xd1\x81\xd1\x82\xd0\xbd\xd0\xb0\xd1\x82\xd0\xb0 \xd0\xb2\xd0\xb5\xd1\x80\xd0\xb8\xd0\xb3\xd0\xb0 \xd0\xb7\xd0\xb0 \xd0\xb1\xd1\x8a\xd1\x80\xd0\xb7\xd0\xbe \xd1\x85\xd1\x80\xd0\xb0\xd0\xbd\xd0\xb5\xd0\xbd\xd0\xb5 Burger King, a \xd0\xbe\xd1\x82 2015\xd0\xb3. - \xd0\xb2\xd0\xb5\xd1\x80\xd0\xb8\xd0\xb3\xd0\xb8\xd1\x82\xd0\xb5 Texas Chicken, Roadhouse Grill \xd0\xb8 Wagamama \xd0\xb5\xd0\xba\xd1\x81\xd0\xbb\xd0\xba\xd1\x83\xd0\xb7\xd0\xb8\xd0\xb2\xd0\xbd\xd0\xbe \xd0\xb7\xd0\xb0 \xd0\x91\xd1\x8a\xd0\xbb\xd0\xb3\xd0\xb0\xd1\x80\xd0\xb8\xd1\x8f.\xc2\xa0\xd0\xa4\xd0\xbe\xd0\xba\xd1\x83\xd1\x81\xd1\x8a\xd1\x82 \xd0\xbd\xd0\xb0 \xd0\xbd\xd0\xb0\xd1\x88\xd0\xb0\xd1\x82\xd0\xb0 \xd0\xb4\xd0\xb5\xd0\xb9\xd0\xbd\xd0\xbe\xd1\x81\xd1\x82 \xd0\xb5 \xd1\x80\xd0\xb0\xd0\xb7\xd0\xb2\xd0\xb8\xd0\xb2\xd0\xb0\xd0\xbd\xd0\xb5 \xd0\xbd\xd0\xb0 \xd1\x81\xd0\xb2\xd0\xb5\xd1\x82\xd0\xbe\xd0\xb2\xd0\xbd\xd0\xb8 \xd0\xb1\xd1\x80\xd0\xb0\xd0\xbd\xd0\xb4\xd0\xbe\xd0\xb2\xd0\xb5 \xd0\xbd\xd0\xb0 \xd0\xbf\xd1\x80\xd0\xb8\xd0\xbd\xd1\x86\xd0\xb8\xd0\xbf\xd0\xb0 \xd0\xbd\xd0\xb0 \xd1\x84\xd1\x80\xd0\xb0\xd0\xbd\xd1\x87\xd0\xb0\xd0\xb9\xd0\xb7\xd0\xb0. \xd0\x9d\xd0\xb0\xd1\x88\xd0\xb8\xd1\x8f \xd0\xb1\xd0\xb8\xd0\xb7\xd0\xbd\xd0\xb5\xd1\x81 \xd1\x81\xd0\xb5 \xd1\x80\xd0\xb0\xd0\xb7\xd0\xb2\xd0\xb8\xd0\xb2\xd0\xb0 \xd0\xb1\xd0\xbb\xd0\xb0\xd0\xb3\xd0\xbe\xd0\xb4\xd0\xb0\xd1\x80\xd0\xb5\xd0\xbd\xd0\xb8\xd0\xb5 \xd0\xbd\xd0\xb0 \xd0\xb5\xd0\xba\xd0\xb8\xd0\xbf\xd0\xb0 \xd0\xbd\xd0\xb8 \xd0\xbe\xd1\x82 \xd0\xbf\xd0\xbe\xd0\xb7\xd0\xb8\xd1\x82\xd0\xb8\xd0\xb2\xd0\xbd\xd0\xb8 \xd0\xb8 \xd0\xbc\xd0\xbe\xd1\x82\xd0\xb8\xd0\xb2\xd0\xb8\xd1\x80\xd0\xb0\xd0\xbd\xd0\xb8 \xd1\x81\xd0\xbb\xd1\x83\xd0\xb6\xd0\xb8\xd1\x82\xd0\xb5\xd0\xbb\xd0\xb8, \xd0\xba\xd0\xbe\xd0\xb8\xd1\x82\xd0\xbe \xd0\xb2\xd1\x81\xd0\xb5\xd0\xba\xd0\xb8 \xd0\xb4\xd0\xb5\xd0\xbd \xd0\xbf\xd0\xbe\xd1\x81\xd1\x80\xd0\xb5\xd1\x89\xd0\xb0\xd1\x82 \xd0\x93\xd0\xbe\xd1\x81\xd1\x82\xd0\xb8\xd1\x82\xd0\xb5 \xd0\xbd\xd0\xb8 \xd0\xb8 \xd0\xb8\xd0\xbc \xd0\xbf\xd0\xbe\xd0\xb4\xd0\xbd\xd0\xb0\xd1\x81\xd1\x8f\xd1\x82 \xd0\xb2\xd0\xba\xd1\x83\xd1\x81\xd0\xbd\xd0\xb0 \xd1\x85\xd1\x80\xd0\xb0\xd0\xbd\xd0\xb0 \xd0\xb2 \xd0\xbf\xd1\x80\xd0\xb8\xd1\x8f\xd1\x82\xd0\xbd\xd0\xb0 \xd0\xbe\xd0\xb1\xd1\x81\xd1\x82\xd0\xb0\xd0\xbd\xd0\xbe\xd0\xb2\xd0\xba\xd0\xb0.\xd0\xa1\xd0\xb5\xd0\xb3\xd0\xb0 \xd0\xb8\xd0\xbc\xd0\xb0\xd1\x82\xd0\xb5 \xd0\xb2\xd1\x8a\xd0\xb7\xd0\xbc\xd0\xbe\xd0\xb6\xd0\xbd\xd0\xbe\xd1\x81\xd1\x82 \xd0\xb4\xd0\xb0 \xd1\x81\xd1\x82\xd0\xb0\xd0\xbd\xd0\xb5\xd1\x82\xd0\xb5 \xd1\x87\xd0\xb0\xd1\x81\xd1\x82 \xd0\xbe\xd1\x82 \xd0\xb4\xd0\xb8\xd0\xbd\xd0\xb0\xd0\xbc\xd0\xb8\xd1\x87\xd0\xb5\xd0\xbd \xd0\xb5\xd0\xba\xd0\xb8\xd0\xbf, \xd0\xba\xd0\xb0\xd0\xbd\xd0\xb4\xd0\xb8\xd0\xb4\xd0\xb0\xd1\x82\xd1\x81\xd1\x82\xd0\xb2\xd0\xb0\xd0\xb9\xd0\xba\xd0\xb8 \xd0\xb7\xd0\xb0\xc2\xa0\xd0\x9a\xd0\xb0\xd1\x81\xd0\xb8\xd0\xb5\xd1\x80-\xd0\xbe\xd0\xb1\xd1\x81\xd0\xbb\xd1\x83\xd0\xb6\xd0\xb2\xd0\xb0\xd1\x89 \xd0\xba\xd1\x83\xd1\x85\xd0\xbd\xd1\x8f \xd0\xb2 \xd1\x80\xd0\xb5\xd1\x81\xd1\x82\xd0\xbe\xd1\x80\xd0\xb0\xd0\xbd\xd1\x82 \xd0\xb7\xd0\xb0 \xd0\x91\xd1\x8a\xd1\x80\xd0\xb7\xd0\xbe \xd0\xa5\xd1\x80\xd0\xb0\xd0\xbd\xd0\xb5\xd0\xbd\xd0\xb5 Texas Chicken.\xd0\x9e\xd1\x81\xd0\xbd\xd0\xbe\xd0\xb2\xd0\xbd\xd0\xb8 \xd0\xb7\xd0\xb0\xd0\xb4\xd1\x8a\xd0\xbb\xd0\xb6\xd0\xb5\xd0\xbd\xd0\xb8\xd1\x8f:- \xd0\xa1\xd1\x8a\xd0\xb7\xd0\xb4\xd0\xb0\xd0\xb2\xd0\xb0\xd0\xbd\xd0\xb5 \xd0\xbd\xd0\xb0 \xd0\xbf\xd1\x80\xd0\xb8\xd1\x8f\xd1\x82\xd0\xbd\xd0\xb0 \xd0\xb8 \xd1\x83\xd1\x8e\xd1\x82\xd0\xbd\xd0\xb0 \xd1\x81\xd1\x80\xd0\xb5\xd0\xb4\xd0\xb0 \xd0\xbd\xd0\xb0 \xd0\xba\xd0\xbb\xd0\xb8\xd0\xb5\xd0\xbd\xd1\x82\xd0\xb8\xd1\x82\xd0\xb5;- \xd0\xa1\xd1\x82\xd1\x80\xd0\xb8\xd0\xba\xd1\x82\xd0\xbd\xd0\xbe \xd1\x81\xd0\xbf\xd0\xb0\xd0\xb7\xd0\xb2\xd0\xb0\xd0\xbd\xd0\xb5 \xd0\xbd\xd0\xb0 \xd1\x84\xd0\xb8\xd1\x80\xd0\xbc\xd0\xb5\xd0\xbd\xd0\xb8\xd1\x82\xd0\xb5 \xd1\x81\xd1\x82\xd0\xb0\xd0\xbd\xd0\xb4\xd0\xb0\xd1\x80\xd1\x82\xd0\xb8;- \xd0\x9f\xd1\x80\xd0\xb8\xd0\xb3\xd0\xbe\xd1\x82\xd0\xb2\xd1\x8f\xd0\xbd\xd0\xb5 \xd0\xbd\xd0\xb0 \xd0\xbf\xd1\x80\xd0\xbe\xd0\xb4\xd1\x83\xd0\xba\xd1\x82\xd0\xb8\xd1\x82\xd0\xb5, \xd1\x81\xd1\x8a\xd0\xb3\xd0\xbb\xd0\xb0\xd1\x81\xd0\xbd\xd0\xbe \xd0\xb8\xd0\xb7\xd0\xb8\xd1\x81\xd0\xba\xd0\xb2\xd0\xb0\xd0\xbd\xd0\xb8\xd1\x8f\xd1\x82\xd0\xb0 \xd0\xbd\xd0\xb0 \xd0\xb1\xd1\x80\xd0\xb0\xd0\xbd\xd0\xb4\xd0\xb0;- \xd0\x9f\xd0\xbe\xd0\xb4\xd0\xb4\xd1\x8a\xd1\x80\xd0\xb6\xd0\xb0\xd0\xbd\xd0\xb5 \xd0\xbd\xd0\xb0 \xd1\x80\xd0\xb5\xd1\x81\xd1\x82\xd0\xbe\xd1\x80\xd0\xb0\xd0\xbd\xd1\x82\xd0\xb0 \xd0\xb8 \xd0\xbf\xd1\x80\xd0\xb8\xd0\xbb\xd0\xb5\xd0\xb6\xd0\xb0\xd1\x89\xd0\xb8\xd1\x82\xd0\xb5 \xd0\xbc\xd1\x83 \xd1\x87\xd0\xb0\xd1\x81\xd1\x82\xd0\xb8 \xd1\x87\xd0\xb8\xd1\x81\xd1\x82\xd0\xb8 \xd0\xb8 \xd0\xbf\xd0\xbe\xd0\xb4\xd1\x80\xd0\xb5\xd0\xb4\xd0\xb5\xd0\xbd\xd0\xb8.\xd0\x9e\xd1\x81\xd0\xbd\xd0\xbe\xd0\xb2\xd0\xbd\xd0\xb8 \xd0\xb8\xd1\x81\xd0\xb8\xd1\x81\xd0\xba\xd0\xb2\xd0\xb0\xd0\xbd\xd0\xb8\xd1\x8f:- \xd0\x9c\xd0\xbe\xd1\x82\xd0\xb8\xd0\xb2\xd0\xb0\xd1\x86\xd0\xb8\xd1\x8f \xd0\xb8 \xd0\xb6\xd0\xb5\xd0\xbb\xd0\xb0\xd0\xbd\xd0\xb8\xd0\xb5 \xd0\xb7\xd0\xb0 \xd1\x80\xd0\xb0\xd0\xb7\xd0\xb2\xd0\xb8\xd1\x82\xd0\xb8\xd0\xb5 \xd0\xb2 \xd1\x81\xd1\x84\xd0\xb5\xd1\x80\xd0\xb0\xd1\x82\xd0\xb0 \xd0\xbd\xd0\xb0 \xd0\xb1\xd1\x8a\xd1\x80\xd0\xb7\xd0\xbe\xd1\x82\xd0\xbe \xd1\x85\xd1\x80\xd0\xb0\xd0\xbd\xd0\xb5\xd0\xbd\xd0\xb5;- \xd0\x9a\xd0\xbe\xd0\xbc\xd1\x83\xd0\xbd\xd0\xb8\xd0\xba\xd0\xb0\xd1\x82\xd0\xb8\xd0\xb2\xd0\xbd\xd0\xbe\xd1\x81\xd1\x82, \xd0\xb5\xd0\xba\xd0\xb8\xd0\xbf\xd0\xbd\xd0\xbe\xd1\x81\xd1\x82, \xd0\xb5\xd0\xbd\xd0\xb5\xd1\x80\xd0\xb3\xd0\xb8\xd1\x87\xd0\xbd\xd0\xbe\xd1\x81\xd1\x82;- \xd0\xa2\xd0\xbe\xd1\x87\xd0\xbd\xd0\xbe\xd1\x81\xd1\x82, \xd0\xba\xd0\xbe\xd1\x80\xd0\xb5\xd0\xba\xd1\x82\xd0\xbd\xd0\xbe\xd1\x81\xd1\x82 \xd0\xb8 \xd0\xbe\xd1\x82\xd0\xb3\xd0\xbe\xd0\xb2\xd0\xbe\xd1\x80\xd0\xbd\xd0\xbe\xd1\x81\xd1\x82 \xd0\xbf\xd1\x80\xd0\xb8 \xd1\x80\xd0\xb0\xd0\xb1\xd0\xbe\xd1\x82\xd0\xb0 \xd1\x81 \xd0\xba\xd0\xbb\xd0\xb8\xd0\xb5\xd0\xbd\xd1\x82\xd0\xb8;- \xd0\x9e\xd0\xbf\xd0\xb8\xd1\x82\xd1\x8a\xd1\x82 \xd0\xbd\xd0\xb5 \xd0\xb5 \xd0\xb7\xd0\xb0\xd0\xb4\xd1\x8a\xd0\xbb\xd0\xb6\xd0\xb8\xd1\x82\xd0\xb5\xd0\xbb\xd0\xb5\xd0\xbd.\xd0\xa4\xd0\xb8\xd1\x80\xd0\xbc\xd0\xb0\xd1\x82\xd0\xb0 \xd0\xbf\xd1\x80\xd0\xb5\xd0\xb4\xd0\xbb\xd0\xb0\xd0\xb3\xd0\xb0:- \xd0\xa0\xd0\xb0\xd0\xb1\xd0\xbe\xd1\x82\xd0\xb0 \xd0\xbd\xd0\xb0 \xd1\x81\xd0\xbc\xd0\xb5\xd0\xbd\xd0\xb8 \xe2\x80\x93 \xd0\xbf\xd0\xbe\xd0\xb4\xd1\x85\xd0\xbe\xd0\xb4\xd1\x8f\xd1\x89\xd0\xb0 \xd0\xb7\xd0\xb0 \xd1\x81\xd1\x82\xd1\x83\xd0\xb4\xd0\xb5\xd0\xbd\xd1\x82\xd0\xb8;- \xd0\x93\xd1\x8a\xd0\xb2\xd0\xba\xd0\xb0\xd0\xb2\xd0\xbe \xd1\x80\xd0\xb0\xd0\xb1\xd0\xbe\xd1\x82\xd0\xbd\xd0\xbe \xd0\xb2\xd1\x80\xd0\xb5\xd0\xbc\xd0\xb5 \xd0\xbd\xd0\xb0 8 \xd1\x87\xd0\xb0\xd1\x81\xd0\xbe\xd0\xb2 \xd1\x82\xd1\x80\xd1\x83\xd0\xb4\xd0\xbe\xd0\xb2 \xd0\xb4\xd0\xbe\xd0\xb3\xd0\xbe\xd0\xb2\xd0\xbe\xd1\x80;- \xd0\x92\xd1\x8a\xd0\xb7\xd0\xbc\xd0\xbe\xd0\xb6\xd0\xbd\xd0\xbe\xd1\x81\xd1\x82 \xd0\xb7\xd0\xb0 \xd0\xba\xd0\xb0\xd1\x80\xd0\xb8\xd0\xb5\xd1\x80\xd0\xbd\xd0\xbe \xd1\x80\xd0\xb0\xd0\xb7\xd0\xb2\xd0\xb8\xd1\x82\xd0\xb8\xd0\xb5;\xc2\xa0-\xd0\xa1\xd0\xbe\xd1\x86\xd0\xb8\xd0\xb0\xd0\xbb\xd0\xbd\xd0\xb8 \xd0\xbf\xd1\x80\xd0\xb8\xd0\xb4\xd0\xbe\xd0\xb1\xd0\xb8\xd0\xb2\xd0\xba\xd0\xb8 (\xd1\x85\xd1\x80\xd0\xb0\xd0\xbd\xd0\xb0 \xd0\xb8 \xd1\x82\xd1\x80\xd0\xb0\xd0\xbd\xd1\x81\xd0\xbf\xd0\xbe\xd1\x80\xd1\x82 \xd0\xb2 \xd0\xba\xd1\x8a\xd1\x81\xd0\xbd\xd0\xb8\xd1\x82\xd0\xb5 \xd1\x87\xd0\xb0\xd1\x81\xd0\xbe\xd0\xb2\xd0\xb5);-\xd0\x9c\xd0\xbb\xd0\xb0\xd0\xb4, \xd0\xb5\xd0\xbd\xd0\xb5\xd1\x80\xd0\xb3\xd0\xb8\xd1\x87\xd0\xb5\xd0\xbd \xd0\xb8 \xd1\x81\xd0\xbf\xd0\xbb\xd0\xbe\xd1\x82\xd0\xb5\xd0\xbd \xd0\xba\xd0\xbe\xd0\xbb\xd0\xb5\xd0\xba\xd1\x82\xd0\xb8\xd0\xb2.\xd0\x9e\xd0\xb4\xd0\xbe\xd0\xb1\xd1\x80\xd0\xb5\xd0\xbd\xd0\xb8\xd1\x82\xd0\xb5 \xd0\xba\xd0\xb0\xd0\xbd\xd0\xb4\xd0\xb8\xd0\xb4\xd0\xb0\xd1\x82\xd0\xb8 \xd1\x89\xd0\xb5 \xd0\xb1\xd1\x8a\xd0\xb4\xd0\xb0\xd1\x82 \xd0\xbf\xd0\xbe\xd0\xba\xd0\xb0\xd0\xbd\xd0\xb5\xd0\xbd\xd0\xb8 \xd0\xbd\xd0\xb0 \xd0\xb8\xd0\xbd\xd1\x82\xd0\xb5\xd1\x80\xd0\xb2\xd1\x8e. \xd0\x92\xd1\x81\xd0\xb8\xd1\x87\xd0\xba\xd0\xb8 \xd0\xba\xd0\xb0\xd0\xbd\xd0\xb4\xd0\xb8\xd0\xb4\xd0\xb0\xd1\x82\xd1\x83\xd1\x80\xd0\xb8 \xd1\x89\xd0\xb5 \xd0\xb1\xd1\x8a\xd0\xb4\xd0\xb0\xd1\x82 \xd1\x80\xd0\xb0\xd0\xb7\xd0\xb3\xd0\xbb\xd0\xb5\xd0\xb6\xd0\xb4\xd0\xb0\xd0\xbd\xd0\xb8 \xd0\xbf\xd1\x80\xd0\xb8 \xd1\x81\xd1\x82\xd1\x80\xd0\xbe\xd0\xb3\xd0\xb0 \xd0\xba\xd0\xbe\xd0\xbd\xd1\x84\xd0\xb8\xd0\xb4\xd0\xb5\xd0\xbd\xd1\x86\xd0\xb8\xd0\xb0\xd0\xbb\xd0\xbd\xd0\xbe\xd1\x81\xd1\x82.',
 'level': '\n\xd0\x9d\xd0\xb8\xd0\xb2\xd0\xbe:\n\n\n\xd0\xa1\xd0\xbb\xd1\x83\xd0\xb6\xd0\xb8\xd1\x82\xd0\xb5\xd0\xbb\xd0\xb8\n',
 'location': '\xd0\xa1\xd0\xbe\xd1\x84\xd0\xb8\xd1\x8f',
 'title': '\xd0\x9a\xd0\xb0\xd1\x81\xd0\xb8\xd0\xb5\xd1\x80-\xd0\xbe\xd0\xb1\xd1\x81\xd0\xbb\xd1\x83\xd0\xb6\xd0\xb2\xd0\xb0\xd1\x89 \xd0\xba\xd1\x83\xd1\x85\xd0\xbd\xd1\x8f \xd0\xb2 \xd1\x80\xd0\xb5\xd1\x81\xd1\x82\xd0\xbe\xd1\x80\xd0\xb0\xd0\xbd\xd1\x82 \xd0\xb7\xd0\xb0 \xd0\x91\xd1\x8a\xd1\x80\xd0\xb7\xd0\xbe \xd0\xa5\xd1\x80\xd0\xb0\xd0\xbd\xd0\xb5\xd0\xbd\xd0\xb5',
 'type': '\n\xd0\x92\xd0\xb8\xd0\xb4 \xd1\x80\xd0\xb0\xd0\xb1\xd0\xbe\xd1\x82\xd0\xb0:\n\xd0\x9f\xd0\xbe\xd1\x81\xd1\x82\xd0\xbe\xd1\x8f\xd0\xbd\xd0\xbd\xd0\xb0 \xd1\x80\xd0\xb0\xd0\xb1\xd0\xbe\xd1\x82\xd0\xb0\n',
 'url': 'http://www.jobs.bg/f2934720',
 'work_grade': '\n\xd0\x92\xd0\xb8\xd0\xb4 \xd0\xb7\xd0\xb0\xd0\xb5\xd1\x82\xd0\xbe\xd1\x81\xd1\x82:\n\n\xd0\x9f\xd1\x8a\xd0\xbb\xd0\xbd\xd0\xbe \xd1\x80\xd0\xb0\xd0\xb1\xd0\xbe\xd1\x82\xd0\xbd\xd0\xbe \xd0\xb2\xd1\x80\xd0\xb5\xd0\xbc\xd0\xb5\n'}
2015-09-28 11:29:11 [scrapy] DEBUG: Crawled (200) <GET http://www.jobs.bg/f2909939> (referer: http://www.jobs.bg/front_job_search.php?first_search=1&all_cities=0&all_categories=0&all_type=0&all_position_level=1&all_company_type=1&keyword=)
2015-09-28 11:29:11 [scrapy] DEBUG: Scraped from <200 http://www.jobs.bg/f2909939>
{'advertiser': '\xd0\x98\xd0\x9d\xd0\xa2\xd0\x95\xd0\xa0\xd0\xa8\xd0\x9e\xd0\x9f \xd0\x9a\xd0\xaa\xd0\x9c\xd0\xae\xd0\x9d\xd0\x98\xd0\x9a\xd0\x95\xd0\x99\xd0\xa8\xd0\xaa\xd0\x9d\xd0\xa1 \xd0\xa2\xd0\x9f',
 'category': '\n\xd0\x9a\xd0\xb0\xd1\x82\xd0\xb5\xd0\xb3\xd0\xbe\xd1\x80\xd0\xb8\xd1\x8f:\n\n\n\xd0\x98\xd0\xa2 - \xd0\xa0\xd0\xb0\xd0\xb7\xd1\x80\xd0\xb0\xd0\xb1\xd0\xbe\xd1\x82\xd0\xba\xd0\xb0/\xd0\xbf\xd0\xbe\xd0\xb4\xd0\xb4\xd1\x80\xd1\x8a\xd0\xb6\xd0\xba\xd0\xb0 \xd0\xbd\xd0\xb0 \xd1\x81\xd0\xbe\xd1\x84\xd1\x82\xd1\x83\xd0\xb5\xd1\x80\n\n\n',
 'date': u'\u0414\u0430\u0442\u0430:28.09.2015',
 'description_requirements': 'Job role and function:\r\n\r\nDrives world-class design and development of the following on the Intershop 7 platform and related customization projects:\r\n\r\n\r\nJava services and integration, \r\nEnterprise Service Bus, \r\nreference implementations using Intershop 7 specific and non-specific standards and guidelines that support high volumes, are fast, simple, reliable, distributed, and easy to extend and maintain.\r\n\r\n\r\nSupport design, implement and unit test server-side JEE/Java code\r\nSupport design, implement and storefront tests JEE/Java code / Selenium\r\nParticipate in the full SDLC (Agile or Waterfall), including meetings, iterative development, estimations and design sessions\r\nWork closely with the project manager to help support project process and eventually project success.\r\nWork with operations and IT teams to help support integration and production environments.\r\nDevelop streamlined services using Java (Restful, SOAP based)\r\nImprove interoperability and increase agility of your systems and services\r\nWorks with architects to ensure designs align with overall SOA, application architecture standards and practices.\r\nSupports standards and practices with technical and business partners as needed.\r\nWork with the technical lead to support writing and reviewing technical specifications as required, meeting the objectives of functional specifications. Specifically, identifying specific interfaces, methods, parameters, procedures or functions as required.\r\nActive knowledge transfer within the organization\r\n\r\nNeeded skills and qualifications:\r\n\r\nBA/BS Degree + 1 years experience or MA/MS Degree less than a years experience\r\n1+ years total experience as an engineer in a web environment doing development with Java/JEE preferably Intershop implementations\r\n1+ years Java 5 or later knowledge\r\n1+ years SQL, Data Modeling and DB skills (Oracle)\r\nGood understanding of application design, design patterns and performance tuning\r\nDemonstrable understanding of performance tuning multi-tier java applications\r\nGood understanding of designing and implementing with any ORM / EJB3 JPA provider\r\nGood understanding of Agile and/or RUP methodologies\r\nGood understanding of with waterfall project approach methodologies\r\nStrong communications skills\r\nAbility and desire to thrive in a proactive, high-pressure, client-services, environment\r\nGood understanding of estimating and planning methodologies\r\nRegular, dependable attendance and punctuality\r\nGood command of English language\r\n\r\nAdvantages\r\n\r\nAbility and willingness to travel\r\nExperience with ORACLE\r\nExperience in J2EE technologies\r\nExperience with Struts, JSTL and/or similar frameworks\r\nExperience with some J2EE application server (JBoss, WebSphere, WebLogic, Tomcat)\r\nUML knowledge\r\n\r\nThe company offers\r\n\r\nCompetitive salary\r\nCareer growth opportunities\r\nCertification Programs\r\nTraining and business trips abroad\r\nSmall and young team with great atmosphere and Dev2Dev relationships\r\n\r\nYou can apply for the position by sending your CV in English.Only short-listed applicants will be contacted.',
 'level': '\n\xd0\x9d\xd0\xb8\xd0\xb2\xd0\xbe:\n\n\n\xd0\x95\xd0\xba\xd1\x81\xd0\xbf\xd0\xb5\xd1\x80\xd1\x82\xd0\xb8/\xd0\xa1\xd0\xbf\xd0\xb5\xd1\x86\xd0\xb8\xd0\xb0\xd0\xbb\xd0\xb8\xd1\x81\xd1\x82\xd0\xb8\n',
 'location': '\xd0\xa1\xd0\xbe\xd1\x84\xd0\xb8\xd1\x8f',
 'ref_no': u'IS-SE05',
 'title': 'Software Engineer',
 'type': '\n\xd0\x92\xd0\xb8\xd0\xb4 \xd1\x80\xd0\xb0\xd0\xb1\xd0\xbe\xd1\x82\xd0\xb0:\n\xd0\x9f\xd0\xbe\xd1\x81\xd1\x82\xd0\xbe\xd1\x8f\xd0\xbd\xd0\xbd\xd0\xb0 \xd1\x80\xd0\xb0\xd0\xb1\xd0\xbe\xd1\x82\xd0\xb0\n',
 'url': 'http://www.jobs.bg/f2909939',
 'work_grade': '\n\xd0\x92\xd0\xb8\xd0\xb4 \xd0\xb7\xd0\xb0\xd0\xb5\xd1\x82\xd0\xbe\xd1\x81\xd1\x82:\n\n\xd0\x9f\xd1\x8a\xd0\xbb\xd0\xbd\xd0\xbe \xd1\x80\xd0\xb0\xd0\xb1\xd0\xbe\xd1\x82\xd0\xbd\xd0\xbe \xd0\xb2\xd1\x80\xd0\xb5\xd0\xbc\xd0\xb5\n'}
2015-09-28 11:29:14 [scrapy] DEBUG: Crawled (200) <GET http://www.jobs.bg/f2909946> (referer: http://www.jobs.bg/front_job_search.php?first_search=1&all_cities=0&all_categories=0&all_type=0&all_position_level=1&all_company_type=1&keyword=)
2015-09-28 11:29:14 [scrapy] DEBUG: Scraped from <200 http://www.jobs.bg/f2909946>
{'advertiser': '\xd0\x98\xd0\x9d\xd0\xa2\xd0\x95\xd0\xa0\xd0\xa8\xd0\x9e\xd0\x9f \xd0\x9a\xd0\xaa\xd0\x9c\xd0\xae\xd0\x9d\xd0\x98\xd0\x9a\xd0\x95\xd0\x99\xd0\xa8\xd0\xaa\xd0\x9d\xd0\xa1 \xd0\xa2\xd0\x9f',
 'category': '\n\xd0\x9a\xd0\xb0\xd1\x82\xd0\xb5\xd0\xb3\xd0\xbe\xd1\x80\xd0\xb8\xd1\x8f:\n\n\n\xd0\x98\xd0\xa2 - \xd0\xa0\xd0\xb0\xd0\xb7\xd1\x80\xd0\xb0\xd0\xb1\xd0\xbe\xd1\x82\xd0\xba\xd0\xb0/\xd0\xbf\xd0\xbe\xd0\xb4\xd0\xb4\xd1\x80\xd1\x8a\xd0\xb6\xd0\xba\xd0\xb0 \xd0\xbd\xd0\xb0 \xd1\x81\xd0\xbe\xd1\x84\xd1\x82\xd1\x83\xd0\xb5\xd1\x80\n\n\n',
 'date': u'\u0414\u0430\u0442\u0430:28.09.2015',
 'description_requirements': "Job role and function:\r\n\r\nDrives world-class design and development of the following on the Intershop 7 platform and related customization projects:\r\n\r\n\r\nJava services and integration, \r\nEnterprise Service Bus, \r\nreference implementations using Intershop 7 specific and non-specific standards and guidelines that support high volumes, are fast, simple, reliable, distributed, and easy to extend and maintain.\r\n\r\n\r\nSupport design, implement and unit test server-side JEE/Java code\r\nSupport design, implement and storefront tests JEE/Java code / Selenium\r\nParticipate in the full SDLC (Agile or Waterfall), including meetings, iterative development, estimations and design sessions\r\nWork closely with the project manager to help support project process and eventually project success.\r\nWork with operations and IT teams to help support integration and production environments.\r\nDevelop streamlined services using Java (Restful, SOAP based)\r\nImprove interoperability and increase agility of your systems and services\r\nWorks with architects to ensure designs align with overall SOA, application architecture standards and practices.\r\nSupports standards and practices with technical and business partners as needed.\r\nWork with the technical lead to support writing and reviewing technical specifications as required, meeting the objectives of functional specifications. Specifically, identifying specific interfaces, methods, parameters, procedures or functions as required.\r\nCoaching of (junior) software engineers\r\nActive knowledge transfer within the organization\r\n\r\nNeeded skills and qualifications:\r\n\r\nBA/BS Degree + 4 years experience or MA/MS Degree + 3 years experience\r\n4+ years total experience as an engineer in a web environment doing development with Java/JEE preferably Intershop implementations\r\n3+ years Java 5 or later knowledge\r\n3+ years Strong SQL, Data Modeling and DB skills (Oracle)\r\nHistory of successful team work and production deployments in high volume web environments\r\nExpert level capabilities in application design, design patterns and performance tuning\r\nDemonstrable understanding of performance tuning multi-tier java applications\r\nExperience designing and implementing with any ORM / EJB3 JPA provider\r\nExperience with Agile and/or RUP methodologies\r\nExperience with waterfall project approach methodologies\r\nStrong communications skills\r\nAbility and desire to thrive in a proactive, high-pressure, client-services, environment\r\nStrong estimating and planning skills\r\nExperience with UML modeling and effective communication for design reviews\r\nGoal driven attitude\r\nExcellent command of English language\r\n\r\nAdvantages\r\n\r\nAbility and willingness to travel\r\nExperience with ORACLE\r\nExperience in J2EE technologies\r\nExperience with Struts, JSTL and/or similar frameworks\r\nExperience with some J2EE application server (JBoss, WebSphere, WebLogic, Tomcat)\r\nSun's Java Certificate(s)\r\n\r\nThe company offers\r\n\r\nCompetitive salary\r\nCareer growth opportunities\r\nCertification Programs\r\nTraining and business trips abroad\r\nSmall and young team with great atmosphere and Dev2Dev relationships\r\n\r\nYou can apply for the position by sending your CV in English.Only short-listed applicants will be contacted.",
 'level': '\n\xd0\x9d\xd0\xb8\xd0\xb2\xd0\xbe:\n\n\n\xd0\x95\xd0\xba\xd1\x81\xd0\xbf\xd0\xb5\xd1\x80\xd1\x82\xd0\xb8/\xd0\xa1\xd0\xbf\xd0\xb5\xd1\x86\xd0\xb8\xd0\xb0\xd0\xbb\xd0\xb8\xd1\x81\xd1\x82\xd0\xb8\n',
 'location': '\xd0\xa1\xd0\xbe\xd1\x84\xd0\xb8\xd1\x8f',
 'ref_no': u'IS-SSE05',
 'title': 'Senior Software Engineer',
 'type': '\n\xd0\x92\xd0\xb8\xd0\xb4 \xd1\x80\xd0\xb0\xd0\xb1\xd0\xbe\xd1\x82\xd0\xb0:\n\xd0\x9f\xd0\xbe\xd1\x81\xd1\x82\xd0\xbe\xd1\x8f\xd0\xbd\xd0\xbd\xd0\xb0 \xd1\x80\xd0\xb0\xd0\xb1\xd0\xbe\xd1\x82\xd0\xb0\n',
 'url': 'http://www.jobs.bg/f2909946',
 'work_grade': '\n\xd0\x92\xd0\xb8\xd0\xb4 \xd0\xb7\xd0\xb0\xd0\xb5\xd1\x82\xd0\xbe\xd1\x81\xd1\x82:\n\n\xd0\x9f\xd1\x8a\xd0\xbb\xd0\xbd\xd0\xbe \xd1\x80\xd0\xb0\xd0\xb1\xd0\xbe\xd1\x82\xd0\xbd\xd0\xbe \xd0\xb2\xd1\x80\xd0\xb5\xd0\xbc\xd0\xb5\n'}
2015-09-28 11:29:14 [scrapy] INFO: Closing spider (finished)
2015-09-28 11:29:14 [scrapy] INFO: Stored json feed (15 items) in: jobs.json
2015-09-28 11:29:14 [scrapy] INFO: Dumping Scrapy stats:
{'downloader/request_bytes': 8001,
 'downloader/request_count': 16,
 'downloader/request_method_count/GET': 16,
 'downloader/response_bytes': 118332,
 'downloader/response_count': 16,
 'downloader/response_status_count/200': 16,
 'finish_reason': 'finished',
 'finish_time': datetime.datetime(2015, 9, 28, 9, 29, 14, 273981),
 'item_scraped_count': 15,
 'log_count/DEBUG': 33,
 'log_count/ERROR': 2,
 'log_count/INFO': 30,
 'log_count/WARNING': 3,
 'request_depth_max': 1,
 'response_received_count': 16,
 'scheduler/dequeued': 16,
 'scheduler/dequeued/memory': 16,
 'scheduler/enqueued': 16,
 'scheduler/enqueued/memory': 16,
 'start_time': datetime.datetime(2015, 9, 28, 9, 28, 22, 747131)}
2015-09-28 11:29:14 [scrapy] INFO: Spider closed (finished)
